Performing C++ SOURCE FILE Test HAVE_ARM64_CRC32C failed with the following output:
Change Dir: /home/user/Документы/git/ton2/liteclient-build/CMakeFiles/CMakeTmp

Run Build Command:"/usr/bin/make" "cmTC_10f2c/fast"
/usr/bin/make -f CMakeFiles/cmTC_10f2c.dir/build.make CMakeFiles/cmTC_10f2c.dir/build
make[1]: вход в каталог «/home/user/Документы/git/ton2/liteclient-build/CMakeFiles/CMakeTmp»
Building CXX object CMakeFiles/cmTC_10f2c.dir/src.cxx.o
/usr/bin/c++    -Wall -Wextra -Werror -fno-exceptions -fno-rtti -DHAVE_ARM64_CRC32C  -march=armv8-a+crc+crypto -fPIE   -o CMakeFiles/cmTC_10f2c.dir/src.cxx.o -c /home/user/Документы/git/ton2/liteclient-build/CMakeFiles/CMakeTmp/src.cxx
cc1plus: error: bad value (‘armv8-a+crc+crypto’) for ‘-march=’ switch
cc1plus: note: valid arguments to ‘-march=’ switch are: nocona core2 nehalem corei7 westmere sandybridge corei7-avx ivybridge core-avx-i haswell core-avx2 broadwell skylake skylake-avx512 bonnell atom silvermont slm knl x86-64 eden-x2 nano nano-1000 nano-2000 nano-3000 nano-x2 eden-x4 nano-x4 k8 k8-sse3 opteron opteron-sse3 athlon64 athlon64-sse3 athlon-fx amdfam10 barcelona bdver1 bdver2 bdver3 bdver4 znver1 btver1 btver2
CMakeFiles/cmTC_10f2c.dir/build.make:65: recipe for target 'CMakeFiles/cmTC_10f2c.dir/src.cxx.o' failed
make[1]: *** [CMakeFiles/cmTC_10f2c.dir/src.cxx.o] Error 1
make[1]: выход из каталога «/home/user/Документы/git/ton2/liteclient-build/CMakeFiles/CMakeTmp»
Makefile:126: recipe for target 'cmTC_10f2c/fast' failed
make: *** [cmTC_10f2c/fast] Error 2

Source file was:

#include <arm_acle.h>
#include <arm_neon.h>

int main() {
  __crc32cb(0, 0); __crc32ch(0, 0); __crc32cw(0, 0); __crc32cd(0, 0);
  vmull_p64(0, 0);
  return 0;
}

Performing C++ SOURCE FILE Test HAVE_STRONG_GETAUXVAL failed with the following output:
Change Dir: /home/user/Документы/git/ton2/liteclient-build/CMakeFiles/CMakeTmp

Run Build Command:"/usr/bin/make" "cmTC_5850b/fast"
/usr/bin/make -f CMakeFiles/cmTC_5850b.dir/build.make CMakeFiles/cmTC_5850b.dir/build
make[1]: вход в каталог «/home/user/Документы/git/ton2/liteclient-build/CMakeFiles/CMakeTmp»
Building CXX object CMakeFiles/cmTC_5850b.dir/src.cxx.o
/usr/bin/c++    -Wall -Wextra -Werror -fno-exceptions -fno-rtti -DHAVE_STRONG_GETAUXVAL -fPIE   -o CMakeFiles/cmTC_5850b.dir/src.cxx.o -c /home/user/Документы/git/ton2/liteclient-build/CMakeFiles/CMakeTmp/src.cxx
/home/user/Документы/git/ton2/liteclient-build/CMakeFiles/CMakeTmp/src.cxx:2:10: fatal error: arm_acle.h: Нет такого файла или каталога
 #include <arm_acle.h>
          ^~~~~~~~~~~~
compilation terminated.
CMakeFiles/cmTC_5850b.dir/build.make:65: recipe for target 'CMakeFiles/cmTC_5850b.dir/src.cxx.o' failed
make[1]: *** [CMakeFiles/cmTC_5850b.dir/src.cxx.o] Error 1
make[1]: выход из каталога «/home/user/Документы/git/ton2/liteclient-build/CMakeFiles/CMakeTmp»
Makefile:126: recipe for target 'cmTC_5850b/fast' failed
make: *** [cmTC_5850b/fast] Error 2

Source file was:

#include <arm_acle.h>
#include <arm_neon.h>
#include <sys/auxv.h>

int main() {
  getauxval(AT_HWCAP);
  return 0;
}

Determining if the pthread_create exist failed with the following output:
Change Dir: /home/user/Документы/git/ton2/liteclient-build/CMakeFiles/CMakeTmp

Run Build Command:"/usr/bin/make" "cmTC_5f3be/fast"
/usr/bin/make -f CMakeFiles/cmTC_5f3be.dir/build.make CMakeFiles/cmTC_5f3be.dir/build
make[1]: вход в каталог «/home/user/Документы/git/ton2/liteclient-build/CMakeFiles/CMakeTmp»
Building C object CMakeFiles/cmTC_5f3be.dir/CheckSymbolExists.c.o
/usr/bin/cc   -fPIE   -o CMakeFiles/cmTC_5f3be.dir/CheckSymbolExists.c.o   -c /home/user/Документы/git/ton2/liteclient-build/CMakeFiles/CMakeTmp/CheckSymbolExists.c
Linking C executable cmTC_5f3be
/usr/bin/cmake -E cmake_link_script CMakeFiles/cmTC_5f3be.dir/link.txt --verbose=1
/usr/bin/cc      -rdynamic CMakeFiles/cmTC_5f3be.dir/CheckSymbolExists.c.o  -o cmTC_5f3be 
CMakeFiles/cmTC_5f3be.dir/CheckSymbolExists.c.o: In function `main':
CheckSymbolExists.c:(.text+0x1b): undefined reference to `pthread_create'
collect2: error: ld returned 1 exit status
CMakeFiles/cmTC_5f3be.dir/build.make:97: recipe for target 'cmTC_5f3be' failed
make[1]: *** [cmTC_5f3be] Error 1
make[1]: выход из каталога «/home/user/Документы/git/ton2/liteclient-build/CMakeFiles/CMakeTmp»
Makefile:126: recipe for target 'cmTC_5f3be/fast' failed
make: *** [cmTC_5f3be/fast] Error 2

File /home/user/Документы/git/ton2/liteclient-build/CMakeFiles/CMakeTmp/CheckSymbolExists.c:
/* */
#include <pthread.h>

int main(int argc, char** argv)
{
  (void)argv;
#ifndef pthread_create
  return ((int*)(&pthread_create))[argc];
#else
  (void)argc;
  return 0;
#endif
}

Performing C++ SOURCE FILE Test HAVE_CXX_FLAG_QUNUSED_ARGUMENTS failed with the following output:
Change Dir: /home/user/Документы/git/ton2/liteclient-build/CMakeFiles/CMakeTmp

Run Build Command:"/usr/bin/make" "cmTC_8d85a/fast"
/usr/bin/make -f CMakeFiles/cmTC_8d85a.dir/build.make CMakeFiles/cmTC_8d85a.dir/build
make[1]: Entering directory '/home/user/Документы/git/ton2/liteclient-build/CMakeFiles/CMakeTmp'
Building CXX object CMakeFiles/cmTC_8d85a.dir/src.cxx.o
/usr/bin/c++    -march=native -pthread -std=c++14 -fno-omit-frame-pointer -ffunction-sections -fdata-sections -Wall -Wextra -Wimplicit-fallthrough=2 -Wpointer-arith -Wcast-qual -Wsign-compare -Wduplicated-branches -Wduplicated-cond -Walloc-zero -Wlogical-op -Wno-tautological-compare -Wpointer-arith -Wvla -Wnon-virtual-dtor -Wno-unused-parameter -Wconversion -Wno-sign-conversion -DHAVE_CXX_FLAG_QUNUSED_ARGUMENTS -Qunused-arguments -fPIE   -Qunused-arguments -o CMakeFiles/cmTC_8d85a.dir/src.cxx.o -c /home/user/Документы/git/ton2/liteclient-build/CMakeFiles/CMakeTmp/src.cxx
c++: error: unrecognized command line option '-Qunused-arguments'; did you mean '-Wunused-parameter'?
c++: error: unrecognized command line option '-Qunused-arguments'; did you mean '-Wunused-parameter'?
CMakeFiles/cmTC_8d85a.dir/build.make:65: recipe for target 'CMakeFiles/cmTC_8d85a.dir/src.cxx.o' failed
make[1]: *** [CMakeFiles/cmTC_8d85a.dir/src.cxx.o] Error 1
make[1]: Leaving directory '/home/user/Документы/git/ton2/liteclient-build/CMakeFiles/CMakeTmp'
Makefile:126: recipe for target 'cmTC_8d85a/fast' failed
make: *** [cmTC_8d85a/fast] Error 2

Source file was:
int main() { return 0; }
Performing C++ SOURCE FILE Test HAVE_CXX_FLAG_WUNUSED_PRIVATE_FIELD failed with the following output:
Change Dir: /home/user/Документы/git/ton2/liteclient-build/CMakeFiles/CMakeTmp

Run Build Command:"/usr/bin/make" "cmTC_eb8a9/fast"
/usr/bin/make -f CMakeFiles/cmTC_eb8a9.dir/build.make CMakeFiles/cmTC_eb8a9.dir/build
make[1]: Entering directory '/home/user/Документы/git/ton2/liteclient-build/CMakeFiles/CMakeTmp'
Building CXX object CMakeFiles/cmTC_eb8a9.dir/src.cxx.o
/usr/bin/c++    -march=native -pthread -std=c++14 -fno-omit-frame-pointer -ffunction-sections -fdata-sections -Wall -Wextra -Wimplicit-fallthrough=2 -Wpointer-arith -Wcast-qual -Wsign-compare -Wduplicated-branches -Wduplicated-cond -Walloc-zero -Wlogical-op -Wno-tautological-compare -Wpointer-arith -Wvla -Wnon-virtual-dtor -Wno-unused-parameter -Wconversion -Wno-sign-conversion -DHAVE_CXX_FLAG_WUNUSED_PRIVATE_FIELD -Wno-unused-private-field -fPIE   -Wunused-private-field -o CMakeFiles/cmTC_eb8a9.dir/src.cxx.o -c /home/user/Документы/git/ton2/liteclient-build/CMakeFiles/CMakeTmp/src.cxx
c++: error: unrecognized command line option '-Wunused-private-field'; did you mean '-Wunused-parameter'?
CMakeFiles/cmTC_eb8a9.dir/build.make:65: recipe for target 'CMakeFiles/cmTC_eb8a9.dir/src.cxx.o' failed
make[1]: *** [CMakeFiles/cmTC_eb8a9.dir/src.cxx.o] Error 1
make[1]: Leaving directory '/home/user/Документы/git/ton2/liteclient-build/CMakeFiles/CMakeTmp'
Makefile:126: recipe for target 'cmTC_eb8a9/fast' failed
make: *** [cmTC_eb8a9/fast] Error 2

Source file was:
int main() { return 0; }
Performing C++ SOURCE FILE Test HAVE_CXX_FLAG_WREDUNDANT_MOVE failed with the following output:
Change Dir: /home/user/Документы/git/ton2/liteclient-build/CMakeFiles/CMakeTmp

Run Build Command:"/usr/bin/make" "cmTC_264c6/fast"
/usr/bin/make -f CMakeFiles/cmTC_264c6.dir/build.make CMakeFiles/cmTC_264c6.dir/build
make[1]: Entering directory '/home/user/Документы/git/ton2/liteclient-build/CMakeFiles/CMakeTmp'
Building CXX object CMakeFiles/cmTC_264c6.dir/src.cxx.o
/usr/bin/c++    -march=native -pthread -std=c++14 -fno-omit-frame-pointer -ffunction-sections -fdata-sections -Wall -Wextra -Wimplicit-fallthrough=2 -Wpointer-arith -Wcast-qual -Wsign-compare -Wduplicated-branches -Wduplicated-cond -Walloc-zero -Wlogical-op -Wno-tautological-compare -Wpointer-arith -Wvla -Wnon-virtual-dtor -Wno-unused-parameter -Wconversion -Wno-sign-conversion -DHAVE_CXX_FLAG_WREDUNDANT_MOVE -Wno-redundant-move -fPIE   -Wredundant-move -o CMakeFiles/cmTC_264c6.dir/src.cxx.o -c /home/user/Документы/git/ton2/liteclient-build/CMakeFiles/CMakeTmp/src.cxx
c++: error: unrecognized command line option '-Wredundant-move'; did you mean '-Wredundant-decls'?
CMakeFiles/cmTC_264c6.dir/build.make:65: recipe for target 'CMakeFiles/cmTC_264c6.dir/src.cxx.o' failed
make[1]: *** [CMakeFiles/cmTC_264c6.dir/src.cxx.o] Error 1
make[1]: Leaving directory '/home/user/Документы/git/ton2/liteclient-build/CMakeFiles/CMakeTmp'
Makefile:126: recipe for target 'cmTC_264c6/fast' failed
make: *** [cmTC_264c6/fast] Error 2

Source file was:
int main() { return 0; }
