The system is: Linux - 4.15.0-64-generic - x86_64
Compiling the C compiler identification source file "CMakeCCompilerId.c" succeeded.
Compiler: /usr/bin/cc 
Build flags: 
Id flags:  

The output was:
0


Compilation of the C compiler identification source "CMakeCCompilerId.c" produced "a.out"

The C compiler identification is GNU, found in "/home/user/Документы/git/ton2/liteclient-build/CMakeFiles/3.10.2/CompilerIdC/a.out"

Compiling the CXX compiler identification source file "CMakeCXXCompilerId.cpp" succeeded.
Compiler: /usr/bin/c++ 
Build flags: 
Id flags:  

The output was:
0


Compilation of the CXX compiler identification source "CMakeCXXCompilerId.cpp" produced "a.out"

The CXX compiler identification is GNU, found in "/home/user/Документы/git/ton2/liteclient-build/CMakeFiles/3.10.2/CompilerIdCXX/a.out"

Determining if the C compiler works passed with the following output:
Change Dir: /home/user/Документы/git/ton2/liteclient-build/CMakeFiles/CMakeTmp

Run Build Command:"/usr/bin/make" "cmTC_d300e/fast"
/usr/bin/make -f CMakeFiles/cmTC_d300e.dir/build.make CMakeFiles/cmTC_d300e.dir/build
make[1]: вход в каталог «/home/user/Документы/git/ton2/liteclient-build/CMakeFiles/CMakeTmp»
Building C object CMakeFiles/cmTC_d300e.dir/testCCompiler.c.o
/usr/bin/cc    -o CMakeFiles/cmTC_d300e.dir/testCCompiler.c.o   -c /home/user/Документы/git/ton2/liteclient-build/CMakeFiles/CMakeTmp/testCCompiler.c
Linking C executable cmTC_d300e
/usr/bin/cmake -E cmake_link_script CMakeFiles/cmTC_d300e.dir/link.txt --verbose=1
/usr/bin/cc      -rdynamic CMakeFiles/cmTC_d300e.dir/testCCompiler.c.o  -o cmTC_d300e 
make[1]: выход из каталога «/home/user/Документы/git/ton2/liteclient-build/CMakeFiles/CMakeTmp»


Detecting C compiler ABI info compiled with the following output:
Change Dir: /home/user/Документы/git/ton2/liteclient-build/CMakeFiles/CMakeTmp

Run Build Command:"/usr/bin/make" "cmTC_9e43d/fast"
/usr/bin/make -f CMakeFiles/cmTC_9e43d.dir/build.make CMakeFiles/cmTC_9e43d.dir/build
make[1]: вход в каталог «/home/user/Документы/git/ton2/liteclient-build/CMakeFiles/CMakeTmp»
Building C object CMakeFiles/cmTC_9e43d.dir/CMakeCCompilerABI.c.o
/usr/bin/cc    -o CMakeFiles/cmTC_9e43d.dir/CMakeCCompilerABI.c.o   -c /usr/share/cmake-3.10/Modules/CMakeCCompilerABI.c
Linking C executable cmTC_9e43d
/usr/bin/cmake -E cmake_link_script CMakeFiles/cmTC_9e43d.dir/link.txt --verbose=1
/usr/bin/cc     -v -rdynamic CMakeFiles/cmTC_9e43d.dir/CMakeCCompilerABI.c.o  -o cmTC_9e43d 
Using built-in specs.
COLLECT_GCC=/usr/bin/cc
COLLECT_LTO_WRAPPER=/usr/lib/gcc/x86_64-linux-gnu/7/lto-wrapper
OFFLOAD_TARGET_NAMES=nvptx-none
OFFLOAD_TARGET_DEFAULT=1
Target: x86_64-linux-gnu
Configured with: ../src/configure -v --with-pkgversion='Ubuntu 7.4.0-1ubuntu1~18.04.1' --with-bugurl=file:///usr/share/doc/gcc-7/README.Bugs --enable-languages=c,ada,c++,go,brig,d,fortran,objc,obj-c++ --prefix=/usr --with-gcc-major-version-only --program-suffix=-7 --program-prefix=x86_64-linux-gnu- --enable-shared --enable-linker-build-id --libexecdir=/usr/lib --without-included-gettext --enable-threads=posix --libdir=/usr/lib --enable-nls --with-sysroot=/ --enable-clocale=gnu --enable-libstdcxx-debug --enable-libstdcxx-time=yes --with-default-libstdcxx-abi=new --enable-gnu-unique-object --disable-vtable-verify --enable-libmpx --enable-plugin --enable-default-pie --with-system-zlib --with-target-system-zlib --enable-objc-gc=auto --enable-multiarch --disable-werror --with-arch-32=i686 --with-abi=m64 --with-multilib-list=m32,m64,mx32 --enable-multilib --with-tune=generic --enable-offload-targets=nvptx-none --without-cuda-driver --enable-checking=release --build=x86_64-linux-gnu --host=x86_64-linux-gnu --target=x86_64-linux-gnu
Thread model: posix
gcc version 7.4.0 (Ubuntu 7.4.0-1ubuntu1~18.04.1) 
COMPILER_PATH=/usr/lib/gcc/x86_64-linux-gnu/7/:/usr/lib/gcc/x86_64-linux-gnu/7/:/usr/lib/gcc/x86_64-linux-gnu/:/usr/lib/gcc/x86_64-linux-gnu/7/:/usr/lib/gcc/x86_64-linux-gnu/
LIBRARY_PATH=/usr/lib/gcc/x86_64-linux-gnu/7/:/usr/lib/gcc/x86_64-linux-gnu/7/../../../x86_64-linux-gnu/:/usr/lib/gcc/x86_64-linux-gnu/7/../../../../lib/:/lib/x86_64-linux-gnu/:/lib/../lib/:/usr/lib/x86_64-linux-gnu/:/usr/lib/../lib/:/usr/lib/gcc/x86_64-linux-gnu/7/../../../:/lib/:/usr/lib/
COLLECT_GCC_OPTIONS='-v' '-rdynamic' '-o' 'cmTC_9e43d' '-mtune=generic' '-march=x86-64'
 /usr/lib/gcc/x86_64-linux-gnu/7/collect2 -plugin /usr/lib/gcc/x86_64-linux-gnu/7/liblto_plugin.so -plugin-opt=/usr/lib/gcc/x86_64-linux-gnu/7/lto-wrapper -plugin-opt=-fresolution=/tmp/ccL9PMHv.res -plugin-opt=-pass-through=-lgcc -plugin-opt=-pass-through=-lgcc_s -plugin-opt=-pass-through=-lc -plugin-opt=-pass-through=-lgcc -plugin-opt=-pass-through=-lgcc_s --sysroot=/ --build-id --eh-frame-hdr -m elf_x86_64 --hash-style=gnu --as-needed -export-dynamic -dynamic-linker /lib64/ld-linux-x86-64.so.2 -pie -z now -z relro -o cmTC_9e43d /usr/lib/gcc/x86_64-linux-gnu/7/../../../x86_64-linux-gnu/Scrt1.o /usr/lib/gcc/x86_64-linux-gnu/7/../../../x86_64-linux-gnu/crti.o /usr/lib/gcc/x86_64-linux-gnu/7/crtbeginS.o -L/usr/lib/gcc/x86_64-linux-gnu/7 -L/usr/lib/gcc/x86_64-linux-gnu/7/../../../x86_64-linux-gnu -L/usr/lib/gcc/x86_64-linux-gnu/7/../../../../lib -L/lib/x86_64-linux-gnu -L/lib/../lib -L/usr/lib/x86_64-linux-gnu -L/usr/lib/../lib -L/usr/lib/gcc/x86_64-linux-gnu/7/../../.. CMakeFiles/cmTC_9e43d.dir/CMakeCCompilerABI.c.o -lgcc --push-state --as-needed -lgcc_s --pop-state -lc -lgcc --push-state --as-needed -lgcc_s --pop-state /usr/lib/gcc/x86_64-linux-gnu/7/crtendS.o /usr/lib/gcc/x86_64-linux-gnu/7/../../../x86_64-linux-gnu/crtn.o
COLLECT_GCC_OPTIONS='-v' '-rdynamic' '-o' 'cmTC_9e43d' '-mtune=generic' '-march=x86-64'
make[1]: выход из каталога «/home/user/Документы/git/ton2/liteclient-build/CMakeFiles/CMakeTmp»


Parsed C implicit link information from above output:
  link line regex: [^( *|.*[/\])(ld|CMAKE_LINK_STARTFILE-NOTFOUND|([^/\]+-)?ld|collect2)[^/\]*( |$)]
  ignore line: [Change Dir: /home/user/Документы/git/ton2/liteclient-build/CMakeFiles/CMakeTmp]
  ignore line: []
  ignore line: [Run Build Command:"/usr/bin/make" "cmTC_9e43d/fast"]
  ignore line: [/usr/bin/make -f CMakeFiles/cmTC_9e43d.dir/build.make CMakeFiles/cmTC_9e43d.dir/build]
  ignore line: [make[1]: вход в каталог «/home/user/Документы/git/ton2/liteclient-build/CMakeFiles/CMakeTmp»]
  ignore line: [Building C object CMakeFiles/cmTC_9e43d.dir/CMakeCCompilerABI.c.o]
  ignore line: [/usr/bin/cc    -o CMakeFiles/cmTC_9e43d.dir/CMakeCCompilerABI.c.o   -c /usr/share/cmake-3.10/Modules/CMakeCCompilerABI.c]
  ignore line: [Linking C executable cmTC_9e43d]
  ignore line: [/usr/bin/cmake -E cmake_link_script CMakeFiles/cmTC_9e43d.dir/link.txt --verbose=1]
  ignore line: [/usr/bin/cc     -v -rdynamic CMakeFiles/cmTC_9e43d.dir/CMakeCCompilerABI.c.o  -o cmTC_9e43d ]
  ignore line: [Using built-in specs.]
  ignore line: [COLLECT_GCC=/usr/bin/cc]
  ignore line: [COLLECT_LTO_WRAPPER=/usr/lib/gcc/x86_64-linux-gnu/7/lto-wrapper]
  ignore line: [OFFLOAD_TARGET_NAMES=nvptx-none]
  ignore line: [OFFLOAD_TARGET_DEFAULT=1]
  ignore line: [Target: x86_64-linux-gnu]
  ignore line: [Configured with: ../src/configure -v --with-pkgversion='Ubuntu 7.4.0-1ubuntu1~18.04.1' --with-bugurl=file:///usr/share/doc/gcc-7/README.Bugs --enable-languages=c,ada,c++,go,brig,d,fortran,objc,obj-c++ --prefix=/usr --with-gcc-major-version-only --program-suffix=-7 --program-prefix=x86_64-linux-gnu- --enable-shared --enable-linker-build-id --libexecdir=/usr/lib --without-included-gettext --enable-threads=posix --libdir=/usr/lib --enable-nls --with-sysroot=/ --enable-clocale=gnu --enable-libstdcxx-debug --enable-libstdcxx-time=yes --with-default-libstdcxx-abi=new --enable-gnu-unique-object --disable-vtable-verify --enable-libmpx --enable-plugin --enable-default-pie --with-system-zlib --with-target-system-zlib --enable-objc-gc=auto --enable-multiarch --disable-werror --with-arch-32=i686 --with-abi=m64 --with-multilib-list=m32,m64,mx32 --enable-multilib --with-tune=generic --enable-offload-targets=nvptx-none --without-cuda-driver --enable-checking=release --build=x86_64-linux-gnu --host=x86_64-linux-gnu --target=x86_64-linux-gnu]
  ignore line: [Thread model: posix]
  ignore line: [gcc version 7.4.0 (Ubuntu 7.4.0-1ubuntu1~18.04.1) ]
  ignore line: [COMPILER_PATH=/usr/lib/gcc/x86_64-linux-gnu/7/:/usr/lib/gcc/x86_64-linux-gnu/7/:/usr/lib/gcc/x86_64-linux-gnu/:/usr/lib/gcc/x86_64-linux-gnu/7/:/usr/lib/gcc/x86_64-linux-gnu/]
  ignore line: [LIBRARY_PATH=/usr/lib/gcc/x86_64-linux-gnu/7/:/usr/lib/gcc/x86_64-linux-gnu/7/../../../x86_64-linux-gnu/:/usr/lib/gcc/x86_64-linux-gnu/7/../../../../lib/:/lib/x86_64-linux-gnu/:/lib/../lib/:/usr/lib/x86_64-linux-gnu/:/usr/lib/../lib/:/usr/lib/gcc/x86_64-linux-gnu/7/../../../:/lib/:/usr/lib/]
  ignore line: [COLLECT_GCC_OPTIONS='-v' '-rdynamic' '-o' 'cmTC_9e43d' '-mtune=generic' '-march=x86-64']
  link line: [ /usr/lib/gcc/x86_64-linux-gnu/7/collect2 -plugin /usr/lib/gcc/x86_64-linux-gnu/7/liblto_plugin.so -plugin-opt=/usr/lib/gcc/x86_64-linux-gnu/7/lto-wrapper -plugin-opt=-fresolution=/tmp/ccL9PMHv.res -plugin-opt=-pass-through=-lgcc -plugin-opt=-pass-through=-lgcc_s -plugin-opt=-pass-through=-lc -plugin-opt=-pass-through=-lgcc -plugin-opt=-pass-through=-lgcc_s --sysroot=/ --build-id --eh-frame-hdr -m elf_x86_64 --hash-style=gnu --as-needed -export-dynamic -dynamic-linker /lib64/ld-linux-x86-64.so.2 -pie -z now -z relro -o cmTC_9e43d /usr/lib/gcc/x86_64-linux-gnu/7/../../../x86_64-linux-gnu/Scrt1.o /usr/lib/gcc/x86_64-linux-gnu/7/../../../x86_64-linux-gnu/crti.o /usr/lib/gcc/x86_64-linux-gnu/7/crtbeginS.o -L/usr/lib/gcc/x86_64-linux-gnu/7 -L/usr/lib/gcc/x86_64-linux-gnu/7/../../../x86_64-linux-gnu -L/usr/lib/gcc/x86_64-linux-gnu/7/../../../../lib -L/lib/x86_64-linux-gnu -L/lib/../lib -L/usr/lib/x86_64-linux-gnu -L/usr/lib/../lib -L/usr/lib/gcc/x86_64-linux-gnu/7/../../.. CMakeFiles/cmTC_9e43d.dir/CMakeCCompilerABI.c.o -lgcc --push-state --as-needed -lgcc_s --pop-state -lc -lgcc --push-state --as-needed -lgcc_s --pop-state /usr/lib/gcc/x86_64-linux-gnu/7/crtendS.o /usr/lib/gcc/x86_64-linux-gnu/7/../../../x86_64-linux-gnu/crtn.o]
    arg [/usr/lib/gcc/x86_64-linux-gnu/7/collect2] ==> ignore
    arg [-plugin] ==> ignore
    arg [/usr/lib/gcc/x86_64-linux-gnu/7/liblto_plugin.so] ==> ignore
    arg [-plugin-opt=/usr/lib/gcc/x86_64-linux-gnu/7/lto-wrapper] ==> ignore
    arg [-plugin-opt=-fresolution=/tmp/ccL9PMHv.res] ==> ignore
    arg [-plugin-opt=-pass-through=-lgcc] ==> ignore
    arg [-plugin-opt=-pass-through=-lgcc_s] ==> ignore
    arg [-plugin-opt=-pass-through=-lc] ==> ignore
    arg [-plugin-opt=-pass-through=-lgcc] ==> ignore
    arg [-plugin-opt=-pass-through=-lgcc_s] ==> ignore
    arg [--sysroot=/] ==> ignore
    arg [--build-id] ==> ignore
    arg [--eh-frame-hdr] ==> ignore
    arg [-m] ==> ignore
    arg [elf_x86_64] ==> ignore
    arg [--hash-style=gnu] ==> ignore
    arg [--as-needed] ==> ignore
    arg [-export-dynamic] ==> ignore
    arg [-dynamic-linker] ==> ignore
    arg [/lib64/ld-linux-x86-64.so.2] ==> ignore
    arg [-pie] ==> ignore
    arg [-znow] ==> ignore
    arg [-zrelro] ==> ignore
    arg [-o] ==> ignore
    arg [cmTC_9e43d] ==> ignore
    arg [/usr/lib/gcc/x86_64-linux-gnu/7/../../../x86_64-linux-gnu/Scrt1.o] ==> ignore
    arg [/usr/lib/gcc/x86_64-linux-gnu/7/../../../x86_64-linux-gnu/crti.o] ==> ignore
    arg [/usr/lib/gcc/x86_64-linux-gnu/7/crtbeginS.o] ==> ignore
    arg [-L/usr/lib/gcc/x86_64-linux-gnu/7] ==> dir [/usr/lib/gcc/x86_64-linux-gnu/7]
    arg [-L/usr/lib/gcc/x86_64-linux-gnu/7/../../../x86_64-linux-gnu] ==> dir [/usr/lib/gcc/x86_64-linux-gnu/7/../../../x86_64-linux-gnu]
    arg [-L/usr/lib/gcc/x86_64-linux-gnu/7/../../../../lib] ==> dir [/usr/lib/gcc/x86_64-linux-gnu/7/../../../../lib]
    arg [-L/lib/x86_64-linux-gnu] ==> dir [/lib/x86_64-linux-gnu]
    arg [-L/lib/../lib] ==> dir [/lib/../lib]
    arg [-L/usr/lib/x86_64-linux-gnu] ==> dir [/usr/lib/x86_64-linux-gnu]
    arg [-L/usr/lib/../lib] ==> dir [/usr/lib/../lib]
    arg [-L/usr/lib/gcc/x86_64-linux-gnu/7/../../..] ==> dir [/usr/lib/gcc/x86_64-linux-gnu/7/../../..]
    arg [CMakeFiles/cmTC_9e43d.dir/CMakeCCompilerABI.c.o] ==> ignore
    arg [-lgcc] ==> lib [gcc]
    arg [--push-state] ==> ignore
    arg [--as-needed] ==> ignore
    arg [-lgcc_s] ==> lib [gcc_s]
    arg [--pop-state] ==> ignore
    arg [-lc] ==> lib [c]
    arg [-lgcc] ==> lib [gcc]
    arg [--push-state] ==> ignore
    arg [--as-needed] ==> ignore
    arg [-lgcc_s] ==> lib [gcc_s]
    arg [--pop-state] ==> ignore
    arg [/usr/lib/gcc/x86_64-linux-gnu/7/crtendS.o] ==> ignore
    arg [/usr/lib/gcc/x86_64-linux-gnu/7/../../../x86_64-linux-gnu/crtn.o] ==> ignore
  collapse library dir [/usr/lib/gcc/x86_64-linux-gnu/7] ==> [/usr/lib/gcc/x86_64-linux-gnu/7]
  collapse library dir [/usr/lib/gcc/x86_64-linux-gnu/7/../../../x86_64-linux-gnu] ==> [/usr/lib/x86_64-linux-gnu]
  collapse library dir [/usr/lib/gcc/x86_64-linux-gnu/7/../../../../lib] ==> [/usr/lib]
  collapse library dir [/lib/x86_64-linux-gnu] ==> [/lib/x86_64-linux-gnu]
  collapse library dir [/lib/../lib] ==> [/lib]
  collapse library dir [/usr/lib/x86_64-linux-gnu] ==> [/usr/lib/x86_64-linux-gnu]
  collapse library dir [/usr/lib/../lib] ==> [/usr/lib]
  collapse library dir [/usr/lib/gcc/x86_64-linux-gnu/7/../../..] ==> [/usr/lib]
  implicit libs: [gcc;gcc_s;c;gcc;gcc_s]
  implicit dirs: [/usr/lib/gcc/x86_64-linux-gnu/7;/usr/lib/x86_64-linux-gnu;/usr/lib;/lib/x86_64-linux-gnu;/lib]
  implicit fwks: []




Detecting C [-std=c11] compiler features compiled with the following output:
Change Dir: /home/user/Документы/git/ton2/liteclient-build/CMakeFiles/CMakeTmp

Run Build Command:"/usr/bin/make" "cmTC_53b39/fast"
/usr/bin/make -f CMakeFiles/cmTC_53b39.dir/build.make CMakeFiles/cmTC_53b39.dir/build
make[1]: вход в каталог «/home/user/Документы/git/ton2/liteclient-build/CMakeFiles/CMakeTmp»
Building C object CMakeFiles/cmTC_53b39.dir/feature_tests.c.o
/usr/bin/cc   -std=c11 -o CMakeFiles/cmTC_53b39.dir/feature_tests.c.o   -c /home/user/Документы/git/ton2/liteclient-build/CMakeFiles/feature_tests.c
Linking C executable cmTC_53b39
/usr/bin/cmake -E cmake_link_script CMakeFiles/cmTC_53b39.dir/link.txt --verbose=1
/usr/bin/cc      -rdynamic CMakeFiles/cmTC_53b39.dir/feature_tests.c.o  -o cmTC_53b39 
make[1]: выход из каталога «/home/user/Документы/git/ton2/liteclient-build/CMakeFiles/CMakeTmp»


    Feature record: C_FEATURE:1c_function_prototypes
    Feature record: C_FEATURE:1c_restrict
    Feature record: C_FEATURE:1c_static_assert
    Feature record: C_FEATURE:1c_variadic_macros


Detecting C [-std=c99] compiler features compiled with the following output:
Change Dir: /home/user/Документы/git/ton2/liteclient-build/CMakeFiles/CMakeTmp

Run Build Command:"/usr/bin/make" "cmTC_a7491/fast"
/usr/bin/make -f CMakeFiles/cmTC_a7491.dir/build.make CMakeFiles/cmTC_a7491.dir/build
make[1]: вход в каталог «/home/user/Документы/git/ton2/liteclient-build/CMakeFiles/CMakeTmp»
Building C object CMakeFiles/cmTC_a7491.dir/feature_tests.c.o
/usr/bin/cc   -std=c99 -o CMakeFiles/cmTC_a7491.dir/feature_tests.c.o   -c /home/user/Документы/git/ton2/liteclient-build/CMakeFiles/feature_tests.c
Linking C executable cmTC_a7491
/usr/bin/cmake -E cmake_link_script CMakeFiles/cmTC_a7491.dir/link.txt --verbose=1
/usr/bin/cc      -rdynamic CMakeFiles/cmTC_a7491.dir/feature_tests.c.o  -o cmTC_a7491 
make[1]: выход из каталога «/home/user/Документы/git/ton2/liteclient-build/CMakeFiles/CMakeTmp»


    Feature record: C_FEATURE:1c_function_prototypes
    Feature record: C_FEATURE:1c_restrict
    Feature record: C_FEATURE:0c_static_assert
    Feature record: C_FEATURE:1c_variadic_macros


Detecting C [-std=c90] compiler features compiled with the following output:
Change Dir: /home/user/Документы/git/ton2/liteclient-build/CMakeFiles/CMakeTmp

Run Build Command:"/usr/bin/make" "cmTC_c232b/fast"
/usr/bin/make -f CMakeFiles/cmTC_c232b.dir/build.make CMakeFiles/cmTC_c232b.dir/build
make[1]: вход в каталог «/home/user/Документы/git/ton2/liteclient-build/CMakeFiles/CMakeTmp»
Building C object CMakeFiles/cmTC_c232b.dir/feature_tests.c.o
/usr/bin/cc   -std=c90 -o CMakeFiles/cmTC_c232b.dir/feature_tests.c.o   -c /home/user/Документы/git/ton2/liteclient-build/CMakeFiles/feature_tests.c
Linking C executable cmTC_c232b
/usr/bin/cmake -E cmake_link_script CMakeFiles/cmTC_c232b.dir/link.txt --verbose=1
/usr/bin/cc      -rdynamic CMakeFiles/cmTC_c232b.dir/feature_tests.c.o  -o cmTC_c232b 
make[1]: выход из каталога «/home/user/Документы/git/ton2/liteclient-build/CMakeFiles/CMakeTmp»


    Feature record: C_FEATURE:1c_function_prototypes
    Feature record: C_FEATURE:0c_restrict
    Feature record: C_FEATURE:0c_static_assert
    Feature record: C_FEATURE:0c_variadic_macros
Determining if the CXX compiler works passed with the following output:
Change Dir: /home/user/Документы/git/ton2/liteclient-build/CMakeFiles/CMakeTmp

Run Build Command:"/usr/bin/make" "cmTC_6cc50/fast"
/usr/bin/make -f CMakeFiles/cmTC_6cc50.dir/build.make CMakeFiles/cmTC_6cc50.dir/build
make[1]: вход в каталог «/home/user/Документы/git/ton2/liteclient-build/CMakeFiles/CMakeTmp»
Building CXX object CMakeFiles/cmTC_6cc50.dir/testCXXCompiler.cxx.o
/usr/bin/c++     -o CMakeFiles/cmTC_6cc50.dir/testCXXCompiler.cxx.o -c /home/user/Документы/git/ton2/liteclient-build/CMakeFiles/CMakeTmp/testCXXCompiler.cxx
Linking CXX executable cmTC_6cc50
/usr/bin/cmake -E cmake_link_script CMakeFiles/cmTC_6cc50.dir/link.txt --verbose=1
/usr/bin/c++       -rdynamic CMakeFiles/cmTC_6cc50.dir/testCXXCompiler.cxx.o  -o cmTC_6cc50 
make[1]: выход из каталога «/home/user/Документы/git/ton2/liteclient-build/CMakeFiles/CMakeTmp»


Detecting CXX compiler ABI info compiled with the following output:
Change Dir: /home/user/Документы/git/ton2/liteclient-build/CMakeFiles/CMakeTmp

Run Build Command:"/usr/bin/make" "cmTC_7c804/fast"
/usr/bin/make -f CMakeFiles/cmTC_7c804.dir/build.make CMakeFiles/cmTC_7c804.dir/build
make[1]: вход в каталог «/home/user/Документы/git/ton2/liteclient-build/CMakeFiles/CMakeTmp»
Building CXX object CMakeFiles/cmTC_7c804.dir/CMakeCXXCompilerABI.cpp.o
/usr/bin/c++     -o CMakeFiles/cmTC_7c804.dir/CMakeCXXCompilerABI.cpp.o -c /usr/share/cmake-3.10/Modules/CMakeCXXCompilerABI.cpp
Linking CXX executable cmTC_7c804
/usr/bin/cmake -E cmake_link_script CMakeFiles/cmTC_7c804.dir/link.txt --verbose=1
/usr/bin/c++      -v -rdynamic CMakeFiles/cmTC_7c804.dir/CMakeCXXCompilerABI.cpp.o  -o cmTC_7c804 
Using built-in specs.
COLLECT_GCC=/usr/bin/c++
COLLECT_LTO_WRAPPER=/usr/lib/gcc/x86_64-linux-gnu/7/lto-wrapper
OFFLOAD_TARGET_NAMES=nvptx-none
OFFLOAD_TARGET_DEFAULT=1
Target: x86_64-linux-gnu
Configured with: ../src/configure -v --with-pkgversion='Ubuntu 7.4.0-1ubuntu1~18.04.1' --with-bugurl=file:///usr/share/doc/gcc-7/README.Bugs --enable-languages=c,ada,c++,go,brig,d,fortran,objc,obj-c++ --prefix=/usr --with-gcc-major-version-only --program-suffix=-7 --program-prefix=x86_64-linux-gnu- --enable-shared --enable-linker-build-id --libexecdir=/usr/lib --without-included-gettext --enable-threads=posix --libdir=/usr/lib --enable-nls --with-sysroot=/ --enable-clocale=gnu --enable-libstdcxx-debug --enable-libstdcxx-time=yes --with-default-libstdcxx-abi=new --enable-gnu-unique-object --disable-vtable-verify --enable-libmpx --enable-plugin --enable-default-pie --with-system-zlib --with-target-system-zlib --enable-objc-gc=auto --enable-multiarch --disable-werror --with-arch-32=i686 --with-abi=m64 --with-multilib-list=m32,m64,mx32 --enable-multilib --with-tune=generic --enable-offload-targets=nvptx-none --without-cuda-driver --enable-checking=release --build=x86_64-linux-gnu --host=x86_64-linux-gnu --target=x86_64-linux-gnu
Thread model: posix
gcc version 7.4.0 (Ubuntu 7.4.0-1ubuntu1~18.04.1) 
COMPILER_PATH=/usr/lib/gcc/x86_64-linux-gnu/7/:/usr/lib/gcc/x86_64-linux-gnu/7/:/usr/lib/gcc/x86_64-linux-gnu/:/usr/lib/gcc/x86_64-linux-gnu/7/:/usr/lib/gcc/x86_64-linux-gnu/
LIBRARY_PATH=/usr/lib/gcc/x86_64-linux-gnu/7/:/usr/lib/gcc/x86_64-linux-gnu/7/../../../x86_64-linux-gnu/:/usr/lib/gcc/x86_64-linux-gnu/7/../../../../lib/:/lib/x86_64-linux-gnu/:/lib/../lib/:/usr/lib/x86_64-linux-gnu/:/usr/lib/../lib/:/usr/lib/gcc/x86_64-linux-gnu/7/../../../:/lib/:/usr/lib/
COLLECT_GCC_OPTIONS='-v' '-rdynamic' '-o' 'cmTC_7c804' '-shared-libgcc' '-mtune=generic' '-march=x86-64'
 /usr/lib/gcc/x86_64-linux-gnu/7/collect2 -plugin /usr/lib/gcc/x86_64-linux-gnu/7/liblto_plugin.so -plugin-opt=/usr/lib/gcc/x86_64-linux-gnu/7/lto-wrapper -plugin-opt=-fresolution=/tmp/ccXQiq4H.res -plugin-opt=-pass-through=-lgcc_s -plugin-opt=-pass-through=-lgcc -plugin-opt=-pass-through=-lc -plugin-opt=-pass-through=-lgcc_s -plugin-opt=-pass-through=-lgcc --sysroot=/ --build-id --eh-frame-hdr -m elf_x86_64 --hash-style=gnu --as-needed -export-dynamic -dynamic-linker /lib64/ld-linux-x86-64.so.2 -pie -z now -z relro -o cmTC_7c804 /usr/lib/gcc/x86_64-linux-gnu/7/../../../x86_64-linux-gnu/Scrt1.o /usr/lib/gcc/x86_64-linux-gnu/7/../../../x86_64-linux-gnu/crti.o /usr/lib/gcc/x86_64-linux-gnu/7/crtbeginS.o -L/usr/lib/gcc/x86_64-linux-gnu/7 -L/usr/lib/gcc/x86_64-linux-gnu/7/../../../x86_64-linux-gnu -L/usr/lib/gcc/x86_64-linux-gnu/7/../../../../lib -L/lib/x86_64-linux-gnu -L/lib/../lib -L/usr/lib/x86_64-linux-gnu -L/usr/lib/../lib -L/usr/lib/gcc/x86_64-linux-gnu/7/../../.. CMakeFiles/cmTC_7c804.dir/CMakeCXXCompilerABI.cpp.o -lstdc++ -lm -lgcc_s -lgcc -lc -lgcc_s -lgcc /usr/lib/gcc/x86_64-linux-gnu/7/crtendS.o /usr/lib/gcc/x86_64-linux-gnu/7/../../../x86_64-linux-gnu/crtn.o
COLLECT_GCC_OPTIONS='-v' '-rdynamic' '-o' 'cmTC_7c804' '-shared-libgcc' '-mtune=generic' '-march=x86-64'
make[1]: выход из каталога «/home/user/Документы/git/ton2/liteclient-build/CMakeFiles/CMakeTmp»


Parsed CXX implicit link information from above output:
  link line regex: [^( *|.*[/\])(ld|CMAKE_LINK_STARTFILE-NOTFOUND|([^/\]+-)?ld|collect2)[^/\]*( |$)]
  ignore line: [Change Dir: /home/user/Документы/git/ton2/liteclient-build/CMakeFiles/CMakeTmp]
  ignore line: []
  ignore line: [Run Build Command:"/usr/bin/make" "cmTC_7c804/fast"]
  ignore line: [/usr/bin/make -f CMakeFiles/cmTC_7c804.dir/build.make CMakeFiles/cmTC_7c804.dir/build]
  ignore line: [make[1]: вход в каталог «/home/user/Документы/git/ton2/liteclient-build/CMakeFiles/CMakeTmp»]
  ignore line: [Building CXX object CMakeFiles/cmTC_7c804.dir/CMakeCXXCompilerABI.cpp.o]
  ignore line: [/usr/bin/c++     -o CMakeFiles/cmTC_7c804.dir/CMakeCXXCompilerABI.cpp.o -c /usr/share/cmake-3.10/Modules/CMakeCXXCompilerABI.cpp]
  ignore line: [Linking CXX executable cmTC_7c804]
  ignore line: [/usr/bin/cmake -E cmake_link_script CMakeFiles/cmTC_7c804.dir/link.txt --verbose=1]
  ignore line: [/usr/bin/c++      -v -rdynamic CMakeFiles/cmTC_7c804.dir/CMakeCXXCompilerABI.cpp.o  -o cmTC_7c804 ]
  ignore line: [Using built-in specs.]
  ignore line: [COLLECT_GCC=/usr/bin/c++]
  ignore line: [COLLECT_LTO_WRAPPER=/usr/lib/gcc/x86_64-linux-gnu/7/lto-wrapper]
  ignore line: [OFFLOAD_TARGET_NAMES=nvptx-none]
  ignore line: [OFFLOAD_TARGET_DEFAULT=1]
  ignore line: [Target: x86_64-linux-gnu]
  ignore line: [Configured with: ../src/configure -v --with-pkgversion='Ubuntu 7.4.0-1ubuntu1~18.04.1' --with-bugurl=file:///usr/share/doc/gcc-7/README.Bugs --enable-languages=c,ada,c++,go,brig,d,fortran,objc,obj-c++ --prefix=/usr --with-gcc-major-version-only --program-suffix=-7 --program-prefix=x86_64-linux-gnu- --enable-shared --enable-linker-build-id --libexecdir=/usr/lib --without-included-gettext --enable-threads=posix --libdir=/usr/lib --enable-nls --with-sysroot=/ --enable-clocale=gnu --enable-libstdcxx-debug --enable-libstdcxx-time=yes --with-default-libstdcxx-abi=new --enable-gnu-unique-object --disable-vtable-verify --enable-libmpx --enable-plugin --enable-default-pie --with-system-zlib --with-target-system-zlib --enable-objc-gc=auto --enable-multiarch --disable-werror --with-arch-32=i686 --with-abi=m64 --with-multilib-list=m32,m64,mx32 --enable-multilib --with-tune=generic --enable-offload-targets=nvptx-none --without-cuda-driver --enable-checking=release --build=x86_64-linux-gnu --host=x86_64-linux-gnu --target=x86_64-linux-gnu]
  ignore line: [Thread model: posix]
  ignore line: [gcc version 7.4.0 (Ubuntu 7.4.0-1ubuntu1~18.04.1) ]
  ignore line: [COMPILER_PATH=/usr/lib/gcc/x86_64-linux-gnu/7/:/usr/lib/gcc/x86_64-linux-gnu/7/:/usr/lib/gcc/x86_64-linux-gnu/:/usr/lib/gcc/x86_64-linux-gnu/7/:/usr/lib/gcc/x86_64-linux-gnu/]
  ignore line: [LIBRARY_PATH=/usr/lib/gcc/x86_64-linux-gnu/7/:/usr/lib/gcc/x86_64-linux-gnu/7/../../../x86_64-linux-gnu/:/usr/lib/gcc/x86_64-linux-gnu/7/../../../../lib/:/lib/x86_64-linux-gnu/:/lib/../lib/:/usr/lib/x86_64-linux-gnu/:/usr/lib/../lib/:/usr/lib/gcc/x86_64-linux-gnu/7/../../../:/lib/:/usr/lib/]
  ignore line: [COLLECT_GCC_OPTIONS='-v' '-rdynamic' '-o' 'cmTC_7c804' '-shared-libgcc' '-mtune=generic' '-march=x86-64']
  link line: [ /usr/lib/gcc/x86_64-linux-gnu/7/collect2 -plugin /usr/lib/gcc/x86_64-linux-gnu/7/liblto_plugin.so -plugin-opt=/usr/lib/gcc/x86_64-linux-gnu/7/lto-wrapper -plugin-opt=-fresolution=/tmp/ccXQiq4H.res -plugin-opt=-pass-through=-lgcc_s -plugin-opt=-pass-through=-lgcc -plugin-opt=-pass-through=-lc -plugin-opt=-pass-through=-lgcc_s -plugin-opt=-pass-through=-lgcc --sysroot=/ --build-id --eh-frame-hdr -m elf_x86_64 --hash-style=gnu --as-needed -export-dynamic -dynamic-linker /lib64/ld-linux-x86-64.so.2 -pie -z now -z relro -o cmTC_7c804 /usr/lib/gcc/x86_64-linux-gnu/7/../../../x86_64-linux-gnu/Scrt1.o /usr/lib/gcc/x86_64-linux-gnu/7/../../../x86_64-linux-gnu/crti.o /usr/lib/gcc/x86_64-linux-gnu/7/crtbeginS.o -L/usr/lib/gcc/x86_64-linux-gnu/7 -L/usr/lib/gcc/x86_64-linux-gnu/7/../../../x86_64-linux-gnu -L/usr/lib/gcc/x86_64-linux-gnu/7/../../../../lib -L/lib/x86_64-linux-gnu -L/lib/../lib -L/usr/lib/x86_64-linux-gnu -L/usr/lib/../lib -L/usr/lib/gcc/x86_64-linux-gnu/7/../../.. CMakeFiles/cmTC_7c804.dir/CMakeCXXCompilerABI.cpp.o -lstdc++ -lm -lgcc_s -lgcc -lc -lgcc_s -lgcc /usr/lib/gcc/x86_64-linux-gnu/7/crtendS.o /usr/lib/gcc/x86_64-linux-gnu/7/../../../x86_64-linux-gnu/crtn.o]
    arg [/usr/lib/gcc/x86_64-linux-gnu/7/collect2] ==> ignore
    arg [-plugin] ==> ignore
    arg [/usr/lib/gcc/x86_64-linux-gnu/7/liblto_plugin.so] ==> ignore
    arg [-plugin-opt=/usr/lib/gcc/x86_64-linux-gnu/7/lto-wrapper] ==> ignore
    arg [-plugin-opt=-fresolution=/tmp/ccXQiq4H.res] ==> ignore
    arg [-plugin-opt=-pass-through=-lgcc_s] ==> ignore
    arg [-plugin-opt=-pass-through=-lgcc] ==> ignore
    arg [-plugin-opt=-pass-through=-lc] ==> ignore
    arg [-plugin-opt=-pass-through=-lgcc_s] ==> ignore
    arg [-plugin-opt=-pass-through=-lgcc] ==> ignore
    arg [--sysroot=/] ==> ignore
    arg [--build-id] ==> ignore
    arg [--eh-frame-hdr] ==> ignore
    arg [-m] ==> ignore
    arg [elf_x86_64] ==> ignore
    arg [--hash-style=gnu] ==> ignore
    arg [--as-needed] ==> ignore
    arg [-export-dynamic] ==> ignore
    arg [-dynamic-linker] ==> ignore
    arg [/lib64/ld-linux-x86-64.so.2] ==> ignore
    arg [-pie] ==> ignore
    arg [-znow] ==> ignore
    arg [-zrelro] ==> ignore
    arg [-o] ==> ignore
    arg [cmTC_7c804] ==> ignore
    arg [/usr/lib/gcc/x86_64-linux-gnu/7/../../../x86_64-linux-gnu/Scrt1.o] ==> ignore
    arg [/usr/lib/gcc/x86_64-linux-gnu/7/../../../x86_64-linux-gnu/crti.o] ==> ignore
    arg [/usr/lib/gcc/x86_64-linux-gnu/7/crtbeginS.o] ==> ignore
    arg [-L/usr/lib/gcc/x86_64-linux-gnu/7] ==> dir [/usr/lib/gcc/x86_64-linux-gnu/7]
    arg [-L/usr/lib/gcc/x86_64-linux-gnu/7/../../../x86_64-linux-gnu] ==> dir [/usr/lib/gcc/x86_64-linux-gnu/7/../../../x86_64-linux-gnu]
    arg [-L/usr/lib/gcc/x86_64-linux-gnu/7/../../../../lib] ==> dir [/usr/lib/gcc/x86_64-linux-gnu/7/../../../../lib]
    arg [-L/lib/x86_64-linux-gnu] ==> dir [/lib/x86_64-linux-gnu]
    arg [-L/lib/../lib] ==> dir [/lib/../lib]
    arg [-L/usr/lib/x86_64-linux-gnu] ==> dir [/usr/lib/x86_64-linux-gnu]
    arg [-L/usr/lib/../lib] ==> dir [/usr/lib/../lib]
    arg [-L/usr/lib/gcc/x86_64-linux-gnu/7/../../..] ==> dir [/usr/lib/gcc/x86_64-linux-gnu/7/../../..]
    arg [CMakeFiles/cmTC_7c804.dir/CMakeCXXCompilerABI.cpp.o] ==> ignore
    arg [-lstdc++] ==> lib [stdc++]
    arg [-lm] ==> lib [m]
    arg [-lgcc_s] ==> lib [gcc_s]
    arg [-lgcc] ==> lib [gcc]
    arg [-lc] ==> lib [c]
    arg [-lgcc_s] ==> lib [gcc_s]
    arg [-lgcc] ==> lib [gcc]
    arg [/usr/lib/gcc/x86_64-linux-gnu/7/crtendS.o] ==> ignore
    arg [/usr/lib/gcc/x86_64-linux-gnu/7/../../../x86_64-linux-gnu/crtn.o] ==> ignore
  collapse library dir [/usr/lib/gcc/x86_64-linux-gnu/7] ==> [/usr/lib/gcc/x86_64-linux-gnu/7]
  collapse library dir [/usr/lib/gcc/x86_64-linux-gnu/7/../../../x86_64-linux-gnu] ==> [/usr/lib/x86_64-linux-gnu]
  collapse library dir [/usr/lib/gcc/x86_64-linux-gnu/7/../../../../lib] ==> [/usr/lib]
  collapse library dir [/lib/x86_64-linux-gnu] ==> [/lib/x86_64-linux-gnu]
  collapse library dir [/lib/../lib] ==> [/lib]
  collapse library dir [/usr/lib/x86_64-linux-gnu] ==> [/usr/lib/x86_64-linux-gnu]
  collapse library dir [/usr/lib/../lib] ==> [/usr/lib]
  collapse library dir [/usr/lib/gcc/x86_64-linux-gnu/7/../../..] ==> [/usr/lib]
  implicit libs: [stdc++;m;gcc_s;gcc;c;gcc_s;gcc]
  implicit dirs: [/usr/lib/gcc/x86_64-linux-gnu/7;/usr/lib/x86_64-linux-gnu;/usr/lib;/lib/x86_64-linux-gnu;/lib]
  implicit fwks: []




Detecting CXX [-std=c++1z] compiler features compiled with the following output:
Change Dir: /home/user/Документы/git/ton2/liteclient-build/CMakeFiles/CMakeTmp

Run Build Command:"/usr/bin/make" "cmTC_50223/fast"
/usr/bin/make -f CMakeFiles/cmTC_50223.dir/build.make CMakeFiles/cmTC_50223.dir/build
make[1]: вход в каталог «/home/user/Документы/git/ton2/liteclient-build/CMakeFiles/CMakeTmp»
Building CXX object CMakeFiles/cmTC_50223.dir/feature_tests.cxx.o
/usr/bin/c++    -std=c++1z -o CMakeFiles/cmTC_50223.dir/feature_tests.cxx.o -c /home/user/Документы/git/ton2/liteclient-build/CMakeFiles/feature_tests.cxx
Linking CXX executable cmTC_50223
/usr/bin/cmake -E cmake_link_script CMakeFiles/cmTC_50223.dir/link.txt --verbose=1
/usr/bin/c++       -rdynamic CMakeFiles/cmTC_50223.dir/feature_tests.cxx.o  -o cmTC_50223 
make[1]: выход из каталога «/home/user/Документы/git/ton2/liteclient-build/CMakeFiles/CMakeTmp»


    Feature record: CXX_FEATURE:1cxx_aggregate_default_initializers
    Feature record: CXX_FEATURE:1cxx_alias_templates
    Feature record: CXX_FEATURE:1cxx_alignas
    Feature record: CXX_FEATURE:1cxx_alignof
    Feature record: CXX_FEATURE:1cxx_attributes
    Feature record: CXX_FEATURE:1cxx_attribute_deprecated
    Feature record: CXX_FEATURE:1cxx_auto_type
    Feature record: CXX_FEATURE:1cxx_binary_literals
    Feature record: CXX_FEATURE:1cxx_constexpr
    Feature record: CXX_FEATURE:1cxx_contextual_conversions
    Feature record: CXX_FEATURE:1cxx_decltype
    Feature record: CXX_FEATURE:1cxx_decltype_auto
    Feature record: CXX_FEATURE:1cxx_decltype_incomplete_return_types
    Feature record: CXX_FEATURE:1cxx_default_function_template_args
    Feature record: CXX_FEATURE:1cxx_defaulted_functions
    Feature record: CXX_FEATURE:1cxx_defaulted_move_initializers
    Feature record: CXX_FEATURE:1cxx_delegating_constructors
    Feature record: CXX_FEATURE:1cxx_deleted_functions
    Feature record: CXX_FEATURE:1cxx_digit_separators
    Feature record: CXX_FEATURE:1cxx_enum_forward_declarations
    Feature record: CXX_FEATURE:1cxx_explicit_conversions
    Feature record: CXX_FEATURE:1cxx_extended_friend_declarations
    Feature record: CXX_FEATURE:1cxx_extern_templates
    Feature record: CXX_FEATURE:1cxx_final
    Feature record: CXX_FEATURE:1cxx_func_identifier
    Feature record: CXX_FEATURE:1cxx_generalized_initializers
    Feature record: CXX_FEATURE:1cxx_generic_lambdas
    Feature record: CXX_FEATURE:1cxx_inheriting_constructors
    Feature record: CXX_FEATURE:1cxx_inline_namespaces
    Feature record: CXX_FEATURE:1cxx_lambdas
    Feature record: CXX_FEATURE:1cxx_lambda_init_captures
    Feature record: CXX_FEATURE:1cxx_local_type_template_args
    Feature record: CXX_FEATURE:1cxx_long_long_type
    Feature record: CXX_FEATURE:1cxx_noexcept
    Feature record: CXX_FEATURE:1cxx_nonstatic_member_init
    Feature record: CXX_FEATURE:1cxx_nullptr
    Feature record: CXX_FEATURE:1cxx_override
    Feature record: CXX_FEATURE:1cxx_range_for
    Feature record: CXX_FEATURE:1cxx_raw_string_literals
    Feature record: CXX_FEATURE:1cxx_reference_qualified_functions
    Feature record: CXX_FEATURE:1cxx_relaxed_constexpr
    Feature record: CXX_FEATURE:1cxx_return_type_deduction
    Feature record: CXX_FEATURE:1cxx_right_angle_brackets
    Feature record: CXX_FEATURE:1cxx_rvalue_references
    Feature record: CXX_FEATURE:1cxx_sizeof_member
    Feature record: CXX_FEATURE:1cxx_static_assert
    Feature record: CXX_FEATURE:1cxx_strong_enums
    Feature record: CXX_FEATURE:1cxx_template_template_parameters
    Feature record: CXX_FEATURE:1cxx_thread_local
    Feature record: CXX_FEATURE:1cxx_trailing_return_types
    Feature record: CXX_FEATURE:1cxx_unicode_literals
    Feature record: CXX_FEATURE:1cxx_uniform_initialization
    Feature record: CXX_FEATURE:1cxx_unrestricted_unions
    Feature record: CXX_FEATURE:1cxx_user_literals
    Feature record: CXX_FEATURE:1cxx_variable_templates
    Feature record: CXX_FEATURE:1cxx_variadic_macros
    Feature record: CXX_FEATURE:1cxx_variadic_templates


Detecting CXX [-std=c++14] compiler features compiled with the following output:
Change Dir: /home/user/Документы/git/ton2/liteclient-build/CMakeFiles/CMakeTmp

Run Build Command:"/usr/bin/make" "cmTC_25824/fast"
/usr/bin/make -f CMakeFiles/cmTC_25824.dir/build.make CMakeFiles/cmTC_25824.dir/build
make[1]: вход в каталог «/home/user/Документы/git/ton2/liteclient-build/CMakeFiles/CMakeTmp»
Building CXX object CMakeFiles/cmTC_25824.dir/feature_tests.cxx.o
/usr/bin/c++    -std=c++14 -o CMakeFiles/cmTC_25824.dir/feature_tests.cxx.o -c /home/user/Документы/git/ton2/liteclient-build/CMakeFiles/feature_tests.cxx
Linking CXX executable cmTC_25824
/usr/bin/cmake -E cmake_link_script CMakeFiles/cmTC_25824.dir/link.txt --verbose=1
/usr/bin/c++       -rdynamic CMakeFiles/cmTC_25824.dir/feature_tests.cxx.o  -o cmTC_25824 
make[1]: выход из каталога «/home/user/Документы/git/ton2/liteclient-build/CMakeFiles/CMakeTmp»


    Feature record: CXX_FEATURE:1cxx_aggregate_default_initializers
    Feature record: CXX_FEATURE:1cxx_alias_templates
    Feature record: CXX_FEATURE:1cxx_alignas
    Feature record: CXX_FEATURE:1cxx_alignof
    Feature record: CXX_FEATURE:1cxx_attributes
    Feature record: CXX_FEATURE:1cxx_attribute_deprecated
    Feature record: CXX_FEATURE:1cxx_auto_type
    Feature record: CXX_FEATURE:1cxx_binary_literals
    Feature record: CXX_FEATURE:1cxx_constexpr
    Feature record: CXX_FEATURE:1cxx_contextual_conversions
    Feature record: CXX_FEATURE:1cxx_decltype
    Feature record: CXX_FEATURE:1cxx_decltype_auto
    Feature record: CXX_FEATURE:1cxx_decltype_incomplete_return_types
    Feature record: CXX_FEATURE:1cxx_default_function_template_args
    Feature record: CXX_FEATURE:1cxx_defaulted_functions
    Feature record: CXX_FEATURE:1cxx_defaulted_move_initializers
    Feature record: CXX_FEATURE:1cxx_delegating_constructors
    Feature record: CXX_FEATURE:1cxx_deleted_functions
    Feature record: CXX_FEATURE:1cxx_digit_separators
    Feature record: CXX_FEATURE:1cxx_enum_forward_declarations
    Feature record: CXX_FEATURE:1cxx_explicit_conversions
    Feature record: CXX_FEATURE:1cxx_extended_friend_declarations
    Feature record: CXX_FEATURE:1cxx_extern_templates
    Feature record: CXX_FEATURE:1cxx_final
    Feature record: CXX_FEATURE:1cxx_func_identifier
    Feature record: CXX_FEATURE:1cxx_generalized_initializers
    Feature record: CXX_FEATURE:1cxx_generic_lambdas
    Feature record: CXX_FEATURE:1cxx_inheriting_constructors
    Feature record: CXX_FEATURE:1cxx_inline_namespaces
    Feature record: CXX_FEATURE:1cxx_lambdas
    Feature record: CXX_FEATURE:1cxx_lambda_init_captures
    Feature record: CXX_FEATURE:1cxx_local_type_template_args
    Feature record: CXX_FEATURE:1cxx_long_long_type
    Feature record: CXX_FEATURE:1cxx_noexcept
    Feature record: CXX_FEATURE:1cxx_nonstatic_member_init
    Feature record: CXX_FEATURE:1cxx_nullptr
    Feature record: CXX_FEATURE:1cxx_override
    Feature record: CXX_FEATURE:1cxx_range_for
    Feature record: CXX_FEATURE:1cxx_raw_string_literals
    Feature record: CXX_FEATURE:1cxx_reference_qualified_functions
    Feature record: CXX_FEATURE:1cxx_relaxed_constexpr
    Feature record: CXX_FEATURE:1cxx_return_type_deduction
    Feature record: CXX_FEATURE:1cxx_right_angle_brackets
    Feature record: CXX_FEATURE:1cxx_rvalue_references
    Feature record: CXX_FEATURE:1cxx_sizeof_member
    Feature record: CXX_FEATURE:1cxx_static_assert
    Feature record: CXX_FEATURE:1cxx_strong_enums
    Feature record: CXX_FEATURE:1cxx_template_template_parameters
    Feature record: CXX_FEATURE:1cxx_thread_local
    Feature record: CXX_FEATURE:1cxx_trailing_return_types
    Feature record: CXX_FEATURE:1cxx_unicode_literals
    Feature record: CXX_FEATURE:1cxx_uniform_initialization
    Feature record: CXX_FEATURE:1cxx_unrestricted_unions
    Feature record: CXX_FEATURE:1cxx_user_literals
    Feature record: CXX_FEATURE:1cxx_variable_templates
    Feature record: CXX_FEATURE:1cxx_variadic_macros
    Feature record: CXX_FEATURE:1cxx_variadic_templates


Detecting CXX [-std=c++11] compiler features compiled with the following output:
Change Dir: /home/user/Документы/git/ton2/liteclient-build/CMakeFiles/CMakeTmp

Run Build Command:"/usr/bin/make" "cmTC_5c854/fast"
/usr/bin/make -f CMakeFiles/cmTC_5c854.dir/build.make CMakeFiles/cmTC_5c854.dir/build
make[1]: вход в каталог «/home/user/Документы/git/ton2/liteclient-build/CMakeFiles/CMakeTmp»
Building CXX object CMakeFiles/cmTC_5c854.dir/feature_tests.cxx.o
/usr/bin/c++    -std=c++11 -o CMakeFiles/cmTC_5c854.dir/feature_tests.cxx.o -c /home/user/Документы/git/ton2/liteclient-build/CMakeFiles/feature_tests.cxx
Linking CXX executable cmTC_5c854
/usr/bin/cmake -E cmake_link_script CMakeFiles/cmTC_5c854.dir/link.txt --verbose=1
/usr/bin/c++       -rdynamic CMakeFiles/cmTC_5c854.dir/feature_tests.cxx.o  -o cmTC_5c854 
make[1]: выход из каталога «/home/user/Документы/git/ton2/liteclient-build/CMakeFiles/CMakeTmp»


    Feature record: CXX_FEATURE:0cxx_aggregate_default_initializers
    Feature record: CXX_FEATURE:1cxx_alias_templates
    Feature record: CXX_FEATURE:1cxx_alignas
    Feature record: CXX_FEATURE:1cxx_alignof
    Feature record: CXX_FEATURE:1cxx_attributes
    Feature record: CXX_FEATURE:0cxx_attribute_deprecated
    Feature record: CXX_FEATURE:1cxx_auto_type
    Feature record: CXX_FEATURE:0cxx_binary_literals
    Feature record: CXX_FEATURE:1cxx_constexpr
    Feature record: CXX_FEATURE:0cxx_contextual_conversions
    Feature record: CXX_FEATURE:1cxx_decltype
    Feature record: CXX_FEATURE:0cxx_decltype_auto
    Feature record: CXX_FEATURE:1cxx_decltype_incomplete_return_types
    Feature record: CXX_FEATURE:1cxx_default_function_template_args
    Feature record: CXX_FEATURE:1cxx_defaulted_functions
    Feature record: CXX_FEATURE:1cxx_defaulted_move_initializers
    Feature record: CXX_FEATURE:1cxx_delegating_constructors
    Feature record: CXX_FEATURE:1cxx_deleted_functions
    Feature record: CXX_FEATURE:0cxx_digit_separators
    Feature record: CXX_FEATURE:1cxx_enum_forward_declarations
    Feature record: CXX_FEATURE:1cxx_explicit_conversions
    Feature record: CXX_FEATURE:1cxx_extended_friend_declarations
    Feature record: CXX_FEATURE:1cxx_extern_templates
    Feature record: CXX_FEATURE:1cxx_final
    Feature record: CXX_FEATURE:1cxx_func_identifier
    Feature record: CXX_FEATURE:1cxx_generalized_initializers
    Feature record: CXX_FEATURE:0cxx_generic_lambdas
    Feature record: CXX_FEATURE:1cxx_inheriting_constructors
    Feature record: CXX_FEATURE:1cxx_inline_namespaces
    Feature record: CXX_FEATURE:1cxx_lambdas
    Feature record: CXX_FEATURE:0cxx_lambda_init_captures
    Feature record: CXX_FEATURE:1cxx_local_type_template_args
    Feature record: CXX_FEATURE:1cxx_long_long_type
    Feature record: CXX_FEATURE:1cxx_noexcept
    Feature record: CXX_FEATURE:1cxx_nonstatic_member_init
    Feature record: CXX_FEATURE:1cxx_nullptr
    Feature record: CXX_FEATURE:1cxx_override
    Feature record: CXX_FEATURE:1cxx_range_for
    Feature record: CXX_FEATURE:1cxx_raw_string_literals
    Feature record: CXX_FEATURE:1cxx_reference_qualified_functions
    Feature record: CXX_FEATURE:0cxx_relaxed_constexpr
    Feature record: CXX_FEATURE:0cxx_return_type_deduction
    Feature record: CXX_FEATURE:1cxx_right_angle_brackets
    Feature record: CXX_FEATURE:1cxx_rvalue_references
    Feature record: CXX_FEATURE:1cxx_sizeof_member
    Feature record: CXX_FEATURE:1cxx_static_assert
    Feature record: CXX_FEATURE:1cxx_strong_enums
    Feature record: CXX_FEATURE:1cxx_template_template_parameters
    Feature record: CXX_FEATURE:1cxx_thread_local
    Feature record: CXX_FEATURE:1cxx_trailing_return_types
    Feature record: CXX_FEATURE:1cxx_unicode_literals
    Feature record: CXX_FEATURE:1cxx_uniform_initialization
    Feature record: CXX_FEATURE:1cxx_unrestricted_unions
    Feature record: CXX_FEATURE:1cxx_user_literals
    Feature record: CXX_FEATURE:0cxx_variable_templates
    Feature record: CXX_FEATURE:1cxx_variadic_macros
    Feature record: CXX_FEATURE:1cxx_variadic_templates


Detecting CXX [-std=c++98] compiler features compiled with the following output:
Change Dir: /home/user/Документы/git/ton2/liteclient-build/CMakeFiles/CMakeTmp

Run Build Command:"/usr/bin/make" "cmTC_82d0a/fast"
/usr/bin/make -f CMakeFiles/cmTC_82d0a.dir/build.make CMakeFiles/cmTC_82d0a.dir/build
make[1]: вход в каталог «/home/user/Документы/git/ton2/liteclient-build/CMakeFiles/CMakeTmp»
Building CXX object CMakeFiles/cmTC_82d0a.dir/feature_tests.cxx.o
/usr/bin/c++    -std=c++98 -o CMakeFiles/cmTC_82d0a.dir/feature_tests.cxx.o -c /home/user/Документы/git/ton2/liteclient-build/CMakeFiles/feature_tests.cxx
Linking CXX executable cmTC_82d0a
/usr/bin/cmake -E cmake_link_script CMakeFiles/cmTC_82d0a.dir/link.txt --verbose=1
/usr/bin/c++       -rdynamic CMakeFiles/cmTC_82d0a.dir/feature_tests.cxx.o  -o cmTC_82d0a 
make[1]: выход из каталога «/home/user/Документы/git/ton2/liteclient-build/CMakeFiles/CMakeTmp»


    Feature record: CXX_FEATURE:0cxx_aggregate_default_initializers
    Feature record: CXX_FEATURE:0cxx_alias_templates
    Feature record: CXX_FEATURE:0cxx_alignas
    Feature record: CXX_FEATURE:0cxx_alignof
    Feature record: CXX_FEATURE:0cxx_attributes
    Feature record: CXX_FEATURE:0cxx_attribute_deprecated
    Feature record: CXX_FEATURE:0cxx_auto_type
    Feature record: CXX_FEATURE:0cxx_binary_literals
    Feature record: CXX_FEATURE:0cxx_constexpr
    Feature record: CXX_FEATURE:0cxx_contextual_conversions
    Feature record: CXX_FEATURE:0cxx_decltype
    Feature record: CXX_FEATURE:0cxx_decltype_auto
    Feature record: CXX_FEATURE:0cxx_decltype_incomplete_return_types
    Feature record: CXX_FEATURE:0cxx_default_function_template_args
    Feature record: CXX_FEATURE:0cxx_defaulted_functions
    Feature record: CXX_FEATURE:0cxx_defaulted_move_initializers
    Feature record: CXX_FEATURE:0cxx_delegating_constructors
    Feature record: CXX_FEATURE:0cxx_deleted_functions
    Feature record: CXX_FEATURE:0cxx_digit_separators
    Feature record: CXX_FEATURE:0cxx_enum_forward_declarations
    Feature record: CXX_FEATURE:0cxx_explicit_conversions
    Feature record: CXX_FEATURE:0cxx_extended_friend_declarations
    Feature record: CXX_FEATURE:0cxx_extern_templates
    Feature record: CXX_FEATURE:0cxx_final
    Feature record: CXX_FEATURE:0cxx_func_identifier
    Feature record: CXX_FEATURE:0cxx_generalized_initializers
    Feature record: CXX_FEATURE:0cxx_generic_lambdas
    Feature record: CXX_FEATURE:0cxx_inheriting_constructors
    Feature record: CXX_FEATURE:0cxx_inline_namespaces
    Feature record: CXX_FEATURE:0cxx_lambdas
    Feature record: CXX_FEATURE:0cxx_lambda_init_captures
    Feature record: CXX_FEATURE:0cxx_local_type_template_args
    Feature record: CXX_FEATURE:0cxx_long_long_type
    Feature record: CXX_FEATURE:0cxx_noexcept
    Feature record: CXX_FEATURE:0cxx_nonstatic_member_init
    Feature record: CXX_FEATURE:0cxx_nullptr
    Feature record: CXX_FEATURE:0cxx_override
    Feature record: CXX_FEATURE:0cxx_range_for
    Feature record: CXX_FEATURE:0cxx_raw_string_literals
    Feature record: CXX_FEATURE:0cxx_reference_qualified_functions
    Feature record: CXX_FEATURE:0cxx_relaxed_constexpr
    Feature record: CXX_FEATURE:0cxx_return_type_deduction
    Feature record: CXX_FEATURE:0cxx_right_angle_brackets
    Feature record: CXX_FEATURE:0cxx_rvalue_references
    Feature record: CXX_FEATURE:0cxx_sizeof_member
    Feature record: CXX_FEATURE:0cxx_static_assert
    Feature record: CXX_FEATURE:0cxx_strong_enums
    Feature record: CXX_FEATURE:1cxx_template_template_parameters
    Feature record: CXX_FEATURE:0cxx_thread_local
    Feature record: CXX_FEATURE:0cxx_trailing_return_types
    Feature record: CXX_FEATURE:0cxx_unicode_literals
    Feature record: CXX_FEATURE:0cxx_uniform_initialization
    Feature record: CXX_FEATURE:0cxx_unrestricted_unions
    Feature record: CXX_FEATURE:0cxx_user_literals
    Feature record: CXX_FEATURE:0cxx_variable_templates
    Feature record: CXX_FEATURE:0cxx_variadic_macros
    Feature record: CXX_FEATURE:0cxx_variadic_templates
Performing C++ SOURCE FILE Test CRC32C_HAVE_SSE42 succeeded with the following output:
Change Dir: /home/user/Документы/git/ton2/liteclient-build/CMakeFiles/CMakeTmp

Run Build Command:"/usr/bin/make" "cmTC_39120/fast"
/usr/bin/make -f CMakeFiles/cmTC_39120.dir/build.make CMakeFiles/cmTC_39120.dir/build
make[1]: вход в каталог «/home/user/Документы/git/ton2/liteclient-build/CMakeFiles/CMakeTmp»
Building CXX object CMakeFiles/cmTC_39120.dir/src.cxx.o
/usr/bin/c++    -DCRC32C_HAVE_SSE42  -msse4.2 -fPIE   -o CMakeFiles/cmTC_39120.dir/src.cxx.o -c /home/user/Документы/git/ton2/liteclient-build/CMakeFiles/CMakeTmp/src.cxx
Linking CXX executable cmTC_39120
/usr/bin/cmake -E cmake_link_script CMakeFiles/cmTC_39120.dir/link.txt --verbose=1
/usr/bin/c++   -DCRC32C_HAVE_SSE42  -msse4.2    -rdynamic CMakeFiles/cmTC_39120.dir/src.cxx.o  -o cmTC_39120 
make[1]: выход из каталога «/home/user/Документы/git/ton2/liteclient-build/CMakeFiles/CMakeTmp»

Source file was:

#if defined(_MSC_VER)
#include <intrin.h>
#else  // !defined(_MSC_VER)
#include <cpuid.h>
#include <nmmintrin.h>
#endif  // defined(_MSC_VER)

int main() {
  _mm_crc32_u8(0, 0); _mm_crc32_u32(0, 0);
#if defined(_M_X64) || defined(__x86_64__)
   _mm_crc32_u64(0, 0);
#endif // defined(_M_X64) || defined(__x86_64__)
  return 0;
}

Performing C++ SOURCE FILE Test ROCKSDB_HAVE_SSE42 succeeded with the following output:
Change Dir: /home/user/Документы/git/ton2/liteclient-build/CMakeFiles/CMakeTmp

Run Build Command:"/usr/bin/make" "cmTC_15dcc/fast"
/usr/bin/make -f CMakeFiles/cmTC_15dcc.dir/build.make CMakeFiles/cmTC_15dcc.dir/build
make[1]: вход в каталог «/home/user/Документы/git/ton2/liteclient-build/CMakeFiles/CMakeTmp»
Building CXX object CMakeFiles/cmTC_15dcc.dir/src.cxx.o
/usr/bin/c++    -DROCKSDB_HAVE_SSE42 -msse4.2 -mpclmul -fPIE   -o CMakeFiles/cmTC_15dcc.dir/src.cxx.o -c /home/user/Документы/git/ton2/liteclient-build/CMakeFiles/CMakeTmp/src.cxx
Linking CXX executable cmTC_15dcc
/usr/bin/cmake -E cmake_link_script CMakeFiles/cmTC_15dcc.dir/link.txt --verbose=1
/usr/bin/c++   -DROCKSDB_HAVE_SSE42 -msse4.2 -mpclmul    -rdynamic CMakeFiles/cmTC_15dcc.dir/src.cxx.o  -o cmTC_15dcc 
make[1]: выход из каталога «/home/user/Документы/git/ton2/liteclient-build/CMakeFiles/CMakeTmp»

Source file was:

#include <cstdint>
#include <nmmintrin.h>
#include <wmmintrin.h>
int main() {
  volatile uint32_t x = _mm_crc32_u32(0, 0);
  const auto a = _mm_set_epi64x(0, 0);
  const auto b = _mm_set_epi64x(0, 0);
  const auto c = _mm_clmulepi64_si128(a, b, 0x00);
  auto d = _mm_cvtsi128_si64(c);
}

Determining if the include file sys/types.h exists passed with the following output:
Change Dir: /home/user/Документы/git/ton2/liteclient-build/CMakeFiles/CMakeTmp

Run Build Command:"/usr/bin/make" "cmTC_4957b/fast"
/usr/bin/make -f CMakeFiles/cmTC_4957b.dir/build.make CMakeFiles/cmTC_4957b.dir/build
make[1]: вход в каталог «/home/user/Документы/git/ton2/liteclient-build/CMakeFiles/CMakeTmp»
Building C object CMakeFiles/cmTC_4957b.dir/CheckIncludeFile.c.o
/usr/bin/cc   -fPIE   -o CMakeFiles/cmTC_4957b.dir/CheckIncludeFile.c.o   -c /home/user/Документы/git/ton2/liteclient-build/CMakeFiles/CMakeTmp/CheckIncludeFile.c
Linking C executable cmTC_4957b
/usr/bin/cmake -E cmake_link_script CMakeFiles/cmTC_4957b.dir/link.txt --verbose=1
/usr/bin/cc      -rdynamic CMakeFiles/cmTC_4957b.dir/CheckIncludeFile.c.o  -o cmTC_4957b 
make[1]: выход из каталога «/home/user/Документы/git/ton2/liteclient-build/CMakeFiles/CMakeTmp»


Determining if the include file stdint.h exists passed with the following output:
Change Dir: /home/user/Документы/git/ton2/liteclient-build/CMakeFiles/CMakeTmp

Run Build Command:"/usr/bin/make" "cmTC_2f2f9/fast"
/usr/bin/make -f CMakeFiles/cmTC_2f2f9.dir/build.make CMakeFiles/cmTC_2f2f9.dir/build
make[1]: вход в каталог «/home/user/Документы/git/ton2/liteclient-build/CMakeFiles/CMakeTmp»
Building C object CMakeFiles/cmTC_2f2f9.dir/CheckIncludeFile.c.o
/usr/bin/cc   -fPIE   -o CMakeFiles/cmTC_2f2f9.dir/CheckIncludeFile.c.o   -c /home/user/Документы/git/ton2/liteclient-build/CMakeFiles/CMakeTmp/CheckIncludeFile.c
Linking C executable cmTC_2f2f9
/usr/bin/cmake -E cmake_link_script CMakeFiles/cmTC_2f2f9.dir/link.txt --verbose=1
/usr/bin/cc      -rdynamic CMakeFiles/cmTC_2f2f9.dir/CheckIncludeFile.c.o  -o cmTC_2f2f9 
make[1]: выход из каталога «/home/user/Документы/git/ton2/liteclient-build/CMakeFiles/CMakeTmp»


Determining if the include file stddef.h exists passed with the following output:
Change Dir: /home/user/Документы/git/ton2/liteclient-build/CMakeFiles/CMakeTmp

Run Build Command:"/usr/bin/make" "cmTC_ea6bb/fast"
/usr/bin/make -f CMakeFiles/cmTC_ea6bb.dir/build.make CMakeFiles/cmTC_ea6bb.dir/build
make[1]: вход в каталог «/home/user/Документы/git/ton2/liteclient-build/CMakeFiles/CMakeTmp»
Building C object CMakeFiles/cmTC_ea6bb.dir/CheckIncludeFile.c.o
/usr/bin/cc   -fPIE   -o CMakeFiles/cmTC_ea6bb.dir/CheckIncludeFile.c.o   -c /home/user/Документы/git/ton2/liteclient-build/CMakeFiles/CMakeTmp/CheckIncludeFile.c
Linking C executable cmTC_ea6bb
/usr/bin/cmake -E cmake_link_script CMakeFiles/cmTC_ea6bb.dir/link.txt --verbose=1
/usr/bin/cc      -rdynamic CMakeFiles/cmTC_ea6bb.dir/CheckIncludeFile.c.o  -o cmTC_ea6bb 
make[1]: выход из каталога «/home/user/Документы/git/ton2/liteclient-build/CMakeFiles/CMakeTmp»


Determining size of unsigned short passed with the following output:
Change Dir: /home/user/Документы/git/ton2/liteclient-build/CMakeFiles/CMakeTmp

Run Build Command:"/usr/bin/make" "cmTC_737b1/fast"
/usr/bin/make -f CMakeFiles/cmTC_737b1.dir/build.make CMakeFiles/cmTC_737b1.dir/build
make[1]: вход в каталог «/home/user/Документы/git/ton2/liteclient-build/CMakeFiles/CMakeTmp»
Building C object CMakeFiles/cmTC_737b1.dir/CMAKE_SIZEOF_UNSIGNED_SHORT.c.o
/usr/bin/cc   -fPIE   -o CMakeFiles/cmTC_737b1.dir/CMAKE_SIZEOF_UNSIGNED_SHORT.c.o   -c /home/user/Документы/git/ton2/liteclient-build/CMakeFiles/CheckTypeSize/CMAKE_SIZEOF_UNSIGNED_SHORT.c
Linking C executable cmTC_737b1
/usr/bin/cmake -E cmake_link_script CMakeFiles/cmTC_737b1.dir/link.txt --verbose=1
/usr/bin/cc      -rdynamic CMakeFiles/cmTC_737b1.dir/CMAKE_SIZEOF_UNSIGNED_SHORT.c.o  -o cmTC_737b1 
make[1]: выход из каталога «/home/user/Документы/git/ton2/liteclient-build/CMakeFiles/CMakeTmp»


Determining if the system is big endian passed with the following output:
Change Dir: /home/user/Документы/git/ton2/liteclient-build/CMakeFiles/CMakeTmp

Run Build Command:"/usr/bin/make" "cmTC_7b313/fast"
/usr/bin/make -f CMakeFiles/cmTC_7b313.dir/build.make CMakeFiles/cmTC_7b313.dir/build
make[1]: вход в каталог «/home/user/Документы/git/ton2/liteclient-build/CMakeFiles/CMakeTmp»
Building C object CMakeFiles/cmTC_7b313.dir/TestEndianess.c.o
/usr/bin/cc   -fPIE   -o CMakeFiles/cmTC_7b313.dir/TestEndianess.c.o   -c /home/user/Документы/git/ton2/liteclient-build/CMakeFiles/CMakeTmp/TestEndianess.c
Linking C executable cmTC_7b313
/usr/bin/cmake -E cmake_link_script CMakeFiles/cmTC_7b313.dir/link.txt --verbose=1
/usr/bin/cc      -rdynamic CMakeFiles/cmTC_7b313.dir/TestEndianess.c.o  -o cmTC_7b313 
make[1]: выход из каталога «/home/user/Документы/git/ton2/liteclient-build/CMakeFiles/CMakeTmp»

TestEndianess.c:
/* A 16 bit integer is required. */
typedef unsigned short cmakeint16;

/* On a little endian machine, these 16bit ints will give "THIS IS LITTLE ENDIAN."
   On a big endian machine the characters will be exchanged pairwise. */
const cmakeint16 info_little[] =  {0x4854, 0x5349, 0x4920, 0x2053, 0x494c, 0x5454, 0x454c, 0x4520, 0x444e, 0x4149, 0x2e4e, 0x0000};

/* on a big endian machine, these 16bit ints will give "THIS IS BIG ENDIAN."
   On a little endian machine the characters will be exchanged pairwise. */
const cmakeint16 info_big[] =     {0x5448, 0x4953, 0x2049, 0x5320, 0x4249, 0x4720, 0x454e, 0x4449, 0x414e, 0x2e2e, 0x0000};

#ifdef __CLASSIC_C__
int main(argc, argv) int argc; char *argv[];
#else
int main(int argc, char *argv[])
#endif
{
  int require = 0;
  require += info_little[argc];
  require += info_big[argc];
  (void)argv;
  return require;
}


Performing C++ SOURCE FILE Test CRC32C_HAVE_NO_DEPRECATED succeeded with the following output:
Change Dir: /home/user/Документы/git/ton2/liteclient-build/CMakeFiles/CMakeTmp

Run Build Command:"/usr/bin/make" "cmTC_aaf51/fast"
/usr/bin/make -f CMakeFiles/cmTC_aaf51.dir/build.make CMakeFiles/cmTC_aaf51.dir/build
make[1]: Entering directory '/home/user/Документы/git/ton2/liteclient-build/CMakeFiles/CMakeTmp'
Building CXX object CMakeFiles/cmTC_aaf51.dir/src.cxx.o
/usr/bin/c++    -Wall -Wextra -Werror -fno-exceptions -fno-rtti -DCRC32C_HAVE_NO_DEPRECATED -fPIE   -Wno-deprecated -o CMakeFiles/cmTC_aaf51.dir/src.cxx.o -c /home/user/Документы/git/ton2/liteclient-build/CMakeFiles/CMakeTmp/src.cxx
Linking CXX executable cmTC_aaf51
/usr/bin/cmake -E cmake_link_script CMakeFiles/cmTC_aaf51.dir/link.txt --verbose=1
/usr/bin/c++   -Wall -Wextra -Werror -fno-exceptions -fno-rtti -DCRC32C_HAVE_NO_DEPRECATED    -rdynamic CMakeFiles/cmTC_aaf51.dir/src.cxx.o  -o cmTC_aaf51 
make[1]: Leaving directory '/home/user/Документы/git/ton2/liteclient-build/CMakeFiles/CMakeTmp'

Source file was:
int main() { return 0; }
Performing C++ SOURCE FILE Test CRC32C_HAVE_NO_SIGN_COMPARE succeeded with the following output:
Change Dir: /home/user/Документы/git/ton2/liteclient-build/CMakeFiles/CMakeTmp

Run Build Command:"/usr/bin/make" "cmTC_c854b/fast"
/usr/bin/make -f CMakeFiles/cmTC_c854b.dir/build.make CMakeFiles/cmTC_c854b.dir/build
make[1]: Entering directory '/home/user/Документы/git/ton2/liteclient-build/CMakeFiles/CMakeTmp'
Building CXX object CMakeFiles/cmTC_c854b.dir/src.cxx.o
/usr/bin/c++    -Wall -Wextra -Werror -fno-exceptions -fno-rtti -DCRC32C_HAVE_NO_SIGN_COMPARE -fPIE   -Wno-sign-compare -o CMakeFiles/cmTC_c854b.dir/src.cxx.o -c /home/user/Документы/git/ton2/liteclient-build/CMakeFiles/CMakeTmp/src.cxx
Linking CXX executable cmTC_c854b
/usr/bin/cmake -E cmake_link_script CMakeFiles/cmTC_c854b.dir/link.txt --verbose=1
/usr/bin/c++   -Wall -Wextra -Werror -fno-exceptions -fno-rtti -DCRC32C_HAVE_NO_SIGN_COMPARE    -rdynamic CMakeFiles/cmTC_c854b.dir/src.cxx.o  -o cmTC_c854b 
make[1]: Leaving directory '/home/user/Документы/git/ton2/liteclient-build/CMakeFiles/CMakeTmp'

Source file was:
int main() { return 0; }
Performing C++ SOURCE FILE Test CRC32C_HAVE_NO_UNUSED_PARAMETER succeeded with the following output:
Change Dir: /home/user/Документы/git/ton2/liteclient-build/CMakeFiles/CMakeTmp

Run Build Command:"/usr/bin/make" "cmTC_ee1cf/fast"
/usr/bin/make -f CMakeFiles/cmTC_ee1cf.dir/build.make CMakeFiles/cmTC_ee1cf.dir/build
make[1]: Entering directory '/home/user/Документы/git/ton2/liteclient-build/CMakeFiles/CMakeTmp'
Building CXX object CMakeFiles/cmTC_ee1cf.dir/src.cxx.o
/usr/bin/c++    -Wall -Wextra -Werror -fno-exceptions -fno-rtti -DCRC32C_HAVE_NO_UNUSED_PARAMETER -fPIE   -Wno-unused-parameter -o CMakeFiles/cmTC_ee1cf.dir/src.cxx.o -c /home/user/Документы/git/ton2/liteclient-build/CMakeFiles/CMakeTmp/src.cxx
Linking CXX executable cmTC_ee1cf
/usr/bin/cmake -E cmake_link_script CMakeFiles/cmTC_ee1cf.dir/link.txt --verbose=1
/usr/bin/c++   -Wall -Wextra -Werror -fno-exceptions -fno-rtti -DCRC32C_HAVE_NO_UNUSED_PARAMETER    -rdynamic CMakeFiles/cmTC_ee1cf.dir/src.cxx.o  -o cmTC_ee1cf 
make[1]: Leaving directory '/home/user/Документы/git/ton2/liteclient-build/CMakeFiles/CMakeTmp'

Source file was:
int main() { return 0; }
Performing C++ SOURCE FILE Test CRC32C_HAVE_NO_MISSING_FIELD_INITIALIZERS succeeded with the following output:
Change Dir: /home/user/Документы/git/ton2/liteclient-build/CMakeFiles/CMakeTmp

Run Build Command:"/usr/bin/make" "cmTC_47607/fast"
/usr/bin/make -f CMakeFiles/cmTC_47607.dir/build.make CMakeFiles/cmTC_47607.dir/build
make[1]: Entering directory '/home/user/Документы/git/ton2/liteclient-build/CMakeFiles/CMakeTmp'
Building CXX object CMakeFiles/cmTC_47607.dir/src.cxx.o
/usr/bin/c++    -Wall -Wextra -Werror -fno-exceptions -fno-rtti -DCRC32C_HAVE_NO_MISSING_FIELD_INITIALIZERS -fPIE   -Wno-missing-field-initializers -o CMakeFiles/cmTC_47607.dir/src.cxx.o -c /home/user/Документы/git/ton2/liteclient-build/CMakeFiles/CMakeTmp/src.cxx
Linking CXX executable cmTC_47607
/usr/bin/cmake -E cmake_link_script CMakeFiles/cmTC_47607.dir/link.txt --verbose=1
/usr/bin/c++   -Wall -Wextra -Werror -fno-exceptions -fno-rtti -DCRC32C_HAVE_NO_MISSING_FIELD_INITIALIZERS    -rdynamic CMakeFiles/cmTC_47607.dir/src.cxx.o  -o cmTC_47607 
make[1]: Leaving directory '/home/user/Документы/git/ton2/liteclient-build/CMakeFiles/CMakeTmp'

Source file was:
int main() { return 0; }
Performing C++ SOURCE FILE Test HAVE_BUILTIN_PREFETCH succeeded with the following output:
Change Dir: /home/user/Документы/git/ton2/liteclient-build/CMakeFiles/CMakeTmp

Run Build Command:"/usr/bin/make" "cmTC_c5633/fast"
/usr/bin/make -f CMakeFiles/cmTC_c5633.dir/build.make CMakeFiles/cmTC_c5633.dir/build
make[1]: вход в каталог «/home/user/Документы/git/ton2/liteclient-build/CMakeFiles/CMakeTmp»
Building CXX object CMakeFiles/cmTC_c5633.dir/src.cxx.o
/usr/bin/c++    -Wall -Wextra -Werror -fno-exceptions -fno-rtti -DHAVE_BUILTIN_PREFETCH -fPIE   -o CMakeFiles/cmTC_c5633.dir/src.cxx.o -c /home/user/Документы/git/ton2/liteclient-build/CMakeFiles/CMakeTmp/src.cxx
Linking CXX executable cmTC_c5633
/usr/bin/cmake -E cmake_link_script CMakeFiles/cmTC_c5633.dir/link.txt --verbose=1
/usr/bin/c++   -Wall -Wextra -Werror -fno-exceptions -fno-rtti -DHAVE_BUILTIN_PREFETCH    -rdynamic CMakeFiles/cmTC_c5633.dir/src.cxx.o  -o cmTC_c5633 
make[1]: выход из каталога «/home/user/Документы/git/ton2/liteclient-build/CMakeFiles/CMakeTmp»

Source file was:

int main() {
  char data = 0;
  const char* address = &data;
  __builtin_prefetch(address, 0, 0);
  return 0;
}

Performing C++ SOURCE FILE Test HAVE_MM_PREFETCH succeeded with the following output:
Change Dir: /home/user/Документы/git/ton2/liteclient-build/CMakeFiles/CMakeTmp

Run Build Command:"/usr/bin/make" "cmTC_0efe6/fast"
/usr/bin/make -f CMakeFiles/cmTC_0efe6.dir/build.make CMakeFiles/cmTC_0efe6.dir/build
make[1]: вход в каталог «/home/user/Документы/git/ton2/liteclient-build/CMakeFiles/CMakeTmp»
Building CXX object CMakeFiles/cmTC_0efe6.dir/src.cxx.o
/usr/bin/c++    -Wall -Wextra -Werror -fno-exceptions -fno-rtti -DHAVE_MM_PREFETCH -fPIE   -o CMakeFiles/cmTC_0efe6.dir/src.cxx.o -c /home/user/Документы/git/ton2/liteclient-build/CMakeFiles/CMakeTmp/src.cxx
Linking CXX executable cmTC_0efe6
/usr/bin/cmake -E cmake_link_script CMakeFiles/cmTC_0efe6.dir/link.txt --verbose=1
/usr/bin/c++   -Wall -Wextra -Werror -fno-exceptions -fno-rtti -DHAVE_MM_PREFETCH    -rdynamic CMakeFiles/cmTC_0efe6.dir/src.cxx.o  -o cmTC_0efe6 
make[1]: выход из каталога «/home/user/Документы/git/ton2/liteclient-build/CMakeFiles/CMakeTmp»

Source file was:

#if defined(_MSC_VER)
#include <intrin.h>
#else  // !defined(_MSC_VER)
#include <xmmintrin.h>
#endif  // defined(_MSC_VER)

int main() {
  char data = 0;
  const char* address = &data;
  _mm_prefetch(address, _MM_HINT_NTA);
  return 0;
}

Performing C++ SOURCE FILE Test HAVE_WEAK_GETAUXVAL succeeded with the following output:
Change Dir: /home/user/Документы/git/ton2/liteclient-build/CMakeFiles/CMakeTmp

Run Build Command:"/usr/bin/make" "cmTC_10baf/fast"
/usr/bin/make -f CMakeFiles/cmTC_10baf.dir/build.make CMakeFiles/cmTC_10baf.dir/build
make[1]: вход в каталог «/home/user/Документы/git/ton2/liteclient-build/CMakeFiles/CMakeTmp»
Building CXX object CMakeFiles/cmTC_10baf.dir/src.cxx.o
/usr/bin/c++    -Wall -Wextra -Werror -fno-exceptions -fno-rtti -DHAVE_WEAK_GETAUXVAL -fPIE   -o CMakeFiles/cmTC_10baf.dir/src.cxx.o -c /home/user/Документы/git/ton2/liteclient-build/CMakeFiles/CMakeTmp/src.cxx
Linking CXX executable cmTC_10baf
/usr/bin/cmake -E cmake_link_script CMakeFiles/cmTC_10baf.dir/link.txt --verbose=1
/usr/bin/c++   -Wall -Wextra -Werror -fno-exceptions -fno-rtti -DHAVE_WEAK_GETAUXVAL    -rdynamic CMakeFiles/cmTC_10baf.dir/src.cxx.o  -o cmTC_10baf 
make[1]: выход из каталога «/home/user/Документы/git/ton2/liteclient-build/CMakeFiles/CMakeTmp»

Source file was:

unsigned long getauxval(unsigned long type) __attribute__((weak));
#define AT_HWCAP 16

int main() {
  getauxval(AT_HWCAP);
  return 0;
}

Performing C++ SOURCE FILE Test HAVE_STD14 succeeded with the following output:
Change Dir: /home/user/Документы/git/ton2/liteclient-build/CMakeFiles/CMakeTmp

Run Build Command:"/usr/bin/make" "cmTC_4fa81/fast"
/usr/bin/make -f CMakeFiles/cmTC_4fa81.dir/build.make CMakeFiles/cmTC_4fa81.dir/build
make[1]: Entering directory '/home/user/Документы/git/ton2/liteclient-build/CMakeFiles/CMakeTmp'
Building CXX object CMakeFiles/cmTC_4fa81.dir/src.cxx.o
/usr/bin/c++    -DHAVE_STD14 -fPIE   -std=c++14 -o CMakeFiles/cmTC_4fa81.dir/src.cxx.o -c /home/user/Документы/git/ton2/liteclient-build/CMakeFiles/CMakeTmp/src.cxx
Linking CXX executable cmTC_4fa81
/usr/bin/cmake -E cmake_link_script CMakeFiles/cmTC_4fa81.dir/link.txt --verbose=1
/usr/bin/c++   -DHAVE_STD14    -rdynamic CMakeFiles/cmTC_4fa81.dir/src.cxx.o  -o cmTC_4fa81 
make[1]: Leaving directory '/home/user/Документы/git/ton2/liteclient-build/CMakeFiles/CMakeTmp'

Source file was:
int main() { return 0; }
Determining if the include file pthread.h exists passed with the following output:
Change Dir: /home/user/Документы/git/ton2/liteclient-build/CMakeFiles/CMakeTmp

Run Build Command:"/usr/bin/make" "cmTC_242d1/fast"
/usr/bin/make -f CMakeFiles/cmTC_242d1.dir/build.make CMakeFiles/cmTC_242d1.dir/build
make[1]: вход в каталог «/home/user/Документы/git/ton2/liteclient-build/CMakeFiles/CMakeTmp»
Building C object CMakeFiles/cmTC_242d1.dir/CheckIncludeFile.c.o
/usr/bin/cc   -fPIE   -o CMakeFiles/cmTC_242d1.dir/CheckIncludeFile.c.o   -c /home/user/Документы/git/ton2/liteclient-build/CMakeFiles/CMakeTmp/CheckIncludeFile.c
Linking C executable cmTC_242d1
/usr/bin/cmake -E cmake_link_script CMakeFiles/cmTC_242d1.dir/link.txt --verbose=1
/usr/bin/cc      -rdynamic CMakeFiles/cmTC_242d1.dir/CheckIncludeFile.c.o  -o cmTC_242d1 
make[1]: выход из каталога «/home/user/Документы/git/ton2/liteclient-build/CMakeFiles/CMakeTmp»


Performing C++ SOURCE FILE Test HAVE_CXX_FLAG_WALL succeeded with the following output:
Change Dir: /home/user/Документы/git/ton2/liteclient-build/CMakeFiles/CMakeTmp

Run Build Command:"/usr/bin/make" "cmTC_eba16/fast"
/usr/bin/make -f CMakeFiles/cmTC_eba16.dir/build.make CMakeFiles/cmTC_eba16.dir/build
make[1]: Entering directory '/home/user/Документы/git/ton2/liteclient-build/CMakeFiles/CMakeTmp'
Building CXX object CMakeFiles/cmTC_eba16.dir/src.cxx.o
/usr/bin/c++    -march=native -pthread -std=c++14 -fno-omit-frame-pointer -ffunction-sections -fdata-sections -DHAVE_CXX_FLAG_WALL -Wall -fPIE   -Wall -o CMakeFiles/cmTC_eba16.dir/src.cxx.o -c /home/user/Документы/git/ton2/liteclient-build/CMakeFiles/CMakeTmp/src.cxx
Linking CXX executable cmTC_eba16
/usr/bin/cmake -E cmake_link_script CMakeFiles/cmTC_eba16.dir/link.txt --verbose=1
/usr/bin/c++   -march=native -pthread -std=c++14 -fno-omit-frame-pointer -ffunction-sections -fdata-sections -DHAVE_CXX_FLAG_WALL -Wall    -rdynamic CMakeFiles/cmTC_eba16.dir/src.cxx.o  -o cmTC_eba16 
make[1]: Leaving directory '/home/user/Документы/git/ton2/liteclient-build/CMakeFiles/CMakeTmp'

Source file was:
int main() { return 0; }
Performing C++ SOURCE FILE Test HAVE_CXX_FLAG_WEXTRA succeeded with the following output:
Change Dir: /home/user/Документы/git/ton2/liteclient-build/CMakeFiles/CMakeTmp

Run Build Command:"/usr/bin/make" "cmTC_9b0c0/fast"
/usr/bin/make -f CMakeFiles/cmTC_9b0c0.dir/build.make CMakeFiles/cmTC_9b0c0.dir/build
make[1]: Entering directory '/home/user/Документы/git/ton2/liteclient-build/CMakeFiles/CMakeTmp'
Building CXX object CMakeFiles/cmTC_9b0c0.dir/src.cxx.o
/usr/bin/c++    -march=native -pthread -std=c++14 -fno-omit-frame-pointer -ffunction-sections -fdata-sections -Wall -DHAVE_CXX_FLAG_WEXTRA -Wextra -fPIE   -Wextra -o CMakeFiles/cmTC_9b0c0.dir/src.cxx.o -c /home/user/Документы/git/ton2/liteclient-build/CMakeFiles/CMakeTmp/src.cxx
Linking CXX executable cmTC_9b0c0
/usr/bin/cmake -E cmake_link_script CMakeFiles/cmTC_9b0c0.dir/link.txt --verbose=1
/usr/bin/c++   -march=native -pthread -std=c++14 -fno-omit-frame-pointer -ffunction-sections -fdata-sections -Wall -DHAVE_CXX_FLAG_WEXTRA -Wextra    -rdynamic CMakeFiles/cmTC_9b0c0.dir/src.cxx.o  -o cmTC_9b0c0 
make[1]: Leaving directory '/home/user/Документы/git/ton2/liteclient-build/CMakeFiles/CMakeTmp'

Source file was:
int main() { return 0; }
Performing C++ SOURCE FILE Test HAVE_CXX_FLAG_WIMPLICIT_FALLTHROUGH_2 succeeded with the following output:
Change Dir: /home/user/Документы/git/ton2/liteclient-build/CMakeFiles/CMakeTmp

Run Build Command:"/usr/bin/make" "cmTC_36bb4/fast"
/usr/bin/make -f CMakeFiles/cmTC_36bb4.dir/build.make CMakeFiles/cmTC_36bb4.dir/build
make[1]: Entering directory '/home/user/Документы/git/ton2/liteclient-build/CMakeFiles/CMakeTmp'
Building CXX object CMakeFiles/cmTC_36bb4.dir/src.cxx.o
/usr/bin/c++    -march=native -pthread -std=c++14 -fno-omit-frame-pointer -ffunction-sections -fdata-sections -Wall -Wextra -DHAVE_CXX_FLAG_WIMPLICIT_FALLTHROUGH_2 -Wimplicit-fallthrough=2 -fPIE   -Wimplicit-fallthrough=2 -o CMakeFiles/cmTC_36bb4.dir/src.cxx.o -c /home/user/Документы/git/ton2/liteclient-build/CMakeFiles/CMakeTmp/src.cxx
Linking CXX executable cmTC_36bb4
/usr/bin/cmake -E cmake_link_script CMakeFiles/cmTC_36bb4.dir/link.txt --verbose=1
/usr/bin/c++   -march=native -pthread -std=c++14 -fno-omit-frame-pointer -ffunction-sections -fdata-sections -Wall -Wextra -DHAVE_CXX_FLAG_WIMPLICIT_FALLTHROUGH_2 -Wimplicit-fallthrough=2    -rdynamic CMakeFiles/cmTC_36bb4.dir/src.cxx.o  -o cmTC_36bb4 
make[1]: Leaving directory '/home/user/Документы/git/ton2/liteclient-build/CMakeFiles/CMakeTmp'

Source file was:
int main() { return 0; }
Performing C++ SOURCE FILE Test HAVE_CXX_FLAG_WPOINTER_ARITH succeeded with the following output:
Change Dir: /home/user/Документы/git/ton2/liteclient-build/CMakeFiles/CMakeTmp

Run Build Command:"/usr/bin/make" "cmTC_2505a/fast"
/usr/bin/make -f CMakeFiles/cmTC_2505a.dir/build.make CMakeFiles/cmTC_2505a.dir/build
make[1]: Entering directory '/home/user/Документы/git/ton2/liteclient-build/CMakeFiles/CMakeTmp'
Building CXX object CMakeFiles/cmTC_2505a.dir/src.cxx.o
/usr/bin/c++    -march=native -pthread -std=c++14 -fno-omit-frame-pointer -ffunction-sections -fdata-sections -Wall -Wextra -Wimplicit-fallthrough=2 -DHAVE_CXX_FLAG_WPOINTER_ARITH -Wpointer-arith -fPIE   -Wpointer-arith -o CMakeFiles/cmTC_2505a.dir/src.cxx.o -c /home/user/Документы/git/ton2/liteclient-build/CMakeFiles/CMakeTmp/src.cxx
Linking CXX executable cmTC_2505a
/usr/bin/cmake -E cmake_link_script CMakeFiles/cmTC_2505a.dir/link.txt --verbose=1
/usr/bin/c++   -march=native -pthread -std=c++14 -fno-omit-frame-pointer -ffunction-sections -fdata-sections -Wall -Wextra -Wimplicit-fallthrough=2 -DHAVE_CXX_FLAG_WPOINTER_ARITH -Wpointer-arith    -rdynamic CMakeFiles/cmTC_2505a.dir/src.cxx.o  -o cmTC_2505a 
make[1]: Leaving directory '/home/user/Документы/git/ton2/liteclient-build/CMakeFiles/CMakeTmp'

Source file was:
int main() { return 0; }
Performing C++ SOURCE FILE Test HAVE_CXX_FLAG_WCAST_QUAL succeeded with the following output:
Change Dir: /home/user/Документы/git/ton2/liteclient-build/CMakeFiles/CMakeTmp

Run Build Command:"/usr/bin/make" "cmTC_86524/fast"
/usr/bin/make -f CMakeFiles/cmTC_86524.dir/build.make CMakeFiles/cmTC_86524.dir/build
make[1]: Entering directory '/home/user/Документы/git/ton2/liteclient-build/CMakeFiles/CMakeTmp'
Building CXX object CMakeFiles/cmTC_86524.dir/src.cxx.o
/usr/bin/c++    -march=native -pthread -std=c++14 -fno-omit-frame-pointer -ffunction-sections -fdata-sections -Wall -Wextra -Wimplicit-fallthrough=2 -Wpointer-arith -DHAVE_CXX_FLAG_WCAST_QUAL -Wcast-qual -fPIE   -Wcast-qual -o CMakeFiles/cmTC_86524.dir/src.cxx.o -c /home/user/Документы/git/ton2/liteclient-build/CMakeFiles/CMakeTmp/src.cxx
Linking CXX executable cmTC_86524
/usr/bin/cmake -E cmake_link_script CMakeFiles/cmTC_86524.dir/link.txt --verbose=1
/usr/bin/c++   -march=native -pthread -std=c++14 -fno-omit-frame-pointer -ffunction-sections -fdata-sections -Wall -Wextra -Wimplicit-fallthrough=2 -Wpointer-arith -DHAVE_CXX_FLAG_WCAST_QUAL -Wcast-qual    -rdynamic CMakeFiles/cmTC_86524.dir/src.cxx.o  -o cmTC_86524 
make[1]: Leaving directory '/home/user/Документы/git/ton2/liteclient-build/CMakeFiles/CMakeTmp'

Source file was:
int main() { return 0; }
Performing C++ SOURCE FILE Test HAVE_CXX_FLAG_WSIGN_COMPARE succeeded with the following output:
Change Dir: /home/user/Документы/git/ton2/liteclient-build/CMakeFiles/CMakeTmp

Run Build Command:"/usr/bin/make" "cmTC_db216/fast"
/usr/bin/make -f CMakeFiles/cmTC_db216.dir/build.make CMakeFiles/cmTC_db216.dir/build
make[1]: Entering directory '/home/user/Документы/git/ton2/liteclient-build/CMakeFiles/CMakeTmp'
Building CXX object CMakeFiles/cmTC_db216.dir/src.cxx.o
/usr/bin/c++    -march=native -pthread -std=c++14 -fno-omit-frame-pointer -ffunction-sections -fdata-sections -Wall -Wextra -Wimplicit-fallthrough=2 -Wpointer-arith -Wcast-qual -DHAVE_CXX_FLAG_WSIGN_COMPARE -Wsign-compare -fPIE   -Wsign-compare -o CMakeFiles/cmTC_db216.dir/src.cxx.o -c /home/user/Документы/git/ton2/liteclient-build/CMakeFiles/CMakeTmp/src.cxx
Linking CXX executable cmTC_db216
/usr/bin/cmake -E cmake_link_script CMakeFiles/cmTC_db216.dir/link.txt --verbose=1
/usr/bin/c++   -march=native -pthread -std=c++14 -fno-omit-frame-pointer -ffunction-sections -fdata-sections -Wall -Wextra -Wimplicit-fallthrough=2 -Wpointer-arith -Wcast-qual -DHAVE_CXX_FLAG_WSIGN_COMPARE -Wsign-compare    -rdynamic CMakeFiles/cmTC_db216.dir/src.cxx.o  -o cmTC_db216 
make[1]: Leaving directory '/home/user/Документы/git/ton2/liteclient-build/CMakeFiles/CMakeTmp'

Source file was:
int main() { return 0; }
Performing C++ SOURCE FILE Test HAVE_CXX_FLAG_WDUPLICATED_BRANCHES succeeded with the following output:
Change Dir: /home/user/Документы/git/ton2/liteclient-build/CMakeFiles/CMakeTmp

Run Build Command:"/usr/bin/make" "cmTC_710c9/fast"
/usr/bin/make -f CMakeFiles/cmTC_710c9.dir/build.make CMakeFiles/cmTC_710c9.dir/build
make[1]: Entering directory '/home/user/Документы/git/ton2/liteclient-build/CMakeFiles/CMakeTmp'
Building CXX object CMakeFiles/cmTC_710c9.dir/src.cxx.o
/usr/bin/c++    -march=native -pthread -std=c++14 -fno-omit-frame-pointer -ffunction-sections -fdata-sections -Wall -Wextra -Wimplicit-fallthrough=2 -Wpointer-arith -Wcast-qual -Wsign-compare -DHAVE_CXX_FLAG_WDUPLICATED_BRANCHES -Wduplicated-branches -fPIE   -Wduplicated-branches -o CMakeFiles/cmTC_710c9.dir/src.cxx.o -c /home/user/Документы/git/ton2/liteclient-build/CMakeFiles/CMakeTmp/src.cxx
Linking CXX executable cmTC_710c9
/usr/bin/cmake -E cmake_link_script CMakeFiles/cmTC_710c9.dir/link.txt --verbose=1
/usr/bin/c++   -march=native -pthread -std=c++14 -fno-omit-frame-pointer -ffunction-sections -fdata-sections -Wall -Wextra -Wimplicit-fallthrough=2 -Wpointer-arith -Wcast-qual -Wsign-compare -DHAVE_CXX_FLAG_WDUPLICATED_BRANCHES -Wduplicated-branches    -rdynamic CMakeFiles/cmTC_710c9.dir/src.cxx.o  -o cmTC_710c9 
make[1]: Leaving directory '/home/user/Документы/git/ton2/liteclient-build/CMakeFiles/CMakeTmp'

Source file was:
int main() { return 0; }
Performing C++ SOURCE FILE Test HAVE_CXX_FLAG_WDUPLICATED_COND succeeded with the following output:
Change Dir: /home/user/Документы/git/ton2/liteclient-build/CMakeFiles/CMakeTmp

Run Build Command:"/usr/bin/make" "cmTC_6dab4/fast"
/usr/bin/make -f CMakeFiles/cmTC_6dab4.dir/build.make CMakeFiles/cmTC_6dab4.dir/build
make[1]: Entering directory '/home/user/Документы/git/ton2/liteclient-build/CMakeFiles/CMakeTmp'
Building CXX object CMakeFiles/cmTC_6dab4.dir/src.cxx.o
/usr/bin/c++    -march=native -pthread -std=c++14 -fno-omit-frame-pointer -ffunction-sections -fdata-sections -Wall -Wextra -Wimplicit-fallthrough=2 -Wpointer-arith -Wcast-qual -Wsign-compare -Wduplicated-branches -DHAVE_CXX_FLAG_WDUPLICATED_COND -Wduplicated-cond -fPIE   -Wduplicated-cond -o CMakeFiles/cmTC_6dab4.dir/src.cxx.o -c /home/user/Документы/git/ton2/liteclient-build/CMakeFiles/CMakeTmp/src.cxx
Linking CXX executable cmTC_6dab4
/usr/bin/cmake -E cmake_link_script CMakeFiles/cmTC_6dab4.dir/link.txt --verbose=1
/usr/bin/c++   -march=native -pthread -std=c++14 -fno-omit-frame-pointer -ffunction-sections -fdata-sections -Wall -Wextra -Wimplicit-fallthrough=2 -Wpointer-arith -Wcast-qual -Wsign-compare -Wduplicated-branches -DHAVE_CXX_FLAG_WDUPLICATED_COND -Wduplicated-cond    -rdynamic CMakeFiles/cmTC_6dab4.dir/src.cxx.o  -o cmTC_6dab4 
make[1]: Leaving directory '/home/user/Документы/git/ton2/liteclient-build/CMakeFiles/CMakeTmp'

Source file was:
int main() { return 0; }
Performing C++ SOURCE FILE Test HAVE_CXX_FLAG_WALLOC_ZERO succeeded with the following output:
Change Dir: /home/user/Документы/git/ton2/liteclient-build/CMakeFiles/CMakeTmp

Run Build Command:"/usr/bin/make" "cmTC_2950b/fast"
/usr/bin/make -f CMakeFiles/cmTC_2950b.dir/build.make CMakeFiles/cmTC_2950b.dir/build
make[1]: Entering directory '/home/user/Документы/git/ton2/liteclient-build/CMakeFiles/CMakeTmp'
Building CXX object CMakeFiles/cmTC_2950b.dir/src.cxx.o
/usr/bin/c++    -march=native -pthread -std=c++14 -fno-omit-frame-pointer -ffunction-sections -fdata-sections -Wall -Wextra -Wimplicit-fallthrough=2 -Wpointer-arith -Wcast-qual -Wsign-compare -Wduplicated-branches -Wduplicated-cond -DHAVE_CXX_FLAG_WALLOC_ZERO -Walloc-zero -fPIE   -Walloc-zero -o CMakeFiles/cmTC_2950b.dir/src.cxx.o -c /home/user/Документы/git/ton2/liteclient-build/CMakeFiles/CMakeTmp/src.cxx
Linking CXX executable cmTC_2950b
/usr/bin/cmake -E cmake_link_script CMakeFiles/cmTC_2950b.dir/link.txt --verbose=1
/usr/bin/c++   -march=native -pthread -std=c++14 -fno-omit-frame-pointer -ffunction-sections -fdata-sections -Wall -Wextra -Wimplicit-fallthrough=2 -Wpointer-arith -Wcast-qual -Wsign-compare -Wduplicated-branches -Wduplicated-cond -DHAVE_CXX_FLAG_WALLOC_ZERO -Walloc-zero    -rdynamic CMakeFiles/cmTC_2950b.dir/src.cxx.o  -o cmTC_2950b 
make[1]: Leaving directory '/home/user/Документы/git/ton2/liteclient-build/CMakeFiles/CMakeTmp'

Source file was:
int main() { return 0; }
Performing C++ SOURCE FILE Test HAVE_CXX_FLAG_WLOGICAL_OP succeeded with the following output:
Change Dir: /home/user/Документы/git/ton2/liteclient-build/CMakeFiles/CMakeTmp

Run Build Command:"/usr/bin/make" "cmTC_f5c8d/fast"
/usr/bin/make -f CMakeFiles/cmTC_f5c8d.dir/build.make CMakeFiles/cmTC_f5c8d.dir/build
make[1]: Entering directory '/home/user/Документы/git/ton2/liteclient-build/CMakeFiles/CMakeTmp'
Building CXX object CMakeFiles/cmTC_f5c8d.dir/src.cxx.o
/usr/bin/c++    -march=native -pthread -std=c++14 -fno-omit-frame-pointer -ffunction-sections -fdata-sections -Wall -Wextra -Wimplicit-fallthrough=2 -Wpointer-arith -Wcast-qual -Wsign-compare -Wduplicated-branches -Wduplicated-cond -Walloc-zero -DHAVE_CXX_FLAG_WLOGICAL_OP -Wlogical-op -fPIE   -Wlogical-op -o CMakeFiles/cmTC_f5c8d.dir/src.cxx.o -c /home/user/Документы/git/ton2/liteclient-build/CMakeFiles/CMakeTmp/src.cxx
Linking CXX executable cmTC_f5c8d
/usr/bin/cmake -E cmake_link_script CMakeFiles/cmTC_f5c8d.dir/link.txt --verbose=1
/usr/bin/c++   -march=native -pthread -std=c++14 -fno-omit-frame-pointer -ffunction-sections -fdata-sections -Wall -Wextra -Wimplicit-fallthrough=2 -Wpointer-arith -Wcast-qual -Wsign-compare -Wduplicated-branches -Wduplicated-cond -Walloc-zero -DHAVE_CXX_FLAG_WLOGICAL_OP -Wlogical-op    -rdynamic CMakeFiles/cmTC_f5c8d.dir/src.cxx.o  -o cmTC_f5c8d 
make[1]: Leaving directory '/home/user/Документы/git/ton2/liteclient-build/CMakeFiles/CMakeTmp'

Source file was:
int main() { return 0; }
Performing C++ SOURCE FILE Test HAVE_CXX_FLAG_WTAUTOLOGICAL_COMPARE succeeded with the following output:
Change Dir: /home/user/Документы/git/ton2/liteclient-build/CMakeFiles/CMakeTmp

Run Build Command:"/usr/bin/make" "cmTC_44b61/fast"
/usr/bin/make -f CMakeFiles/cmTC_44b61.dir/build.make CMakeFiles/cmTC_44b61.dir/build
make[1]: Entering directory '/home/user/Документы/git/ton2/liteclient-build/CMakeFiles/CMakeTmp'
Building CXX object CMakeFiles/cmTC_44b61.dir/src.cxx.o
/usr/bin/c++    -march=native -pthread -std=c++14 -fno-omit-frame-pointer -ffunction-sections -fdata-sections -Wall -Wextra -Wimplicit-fallthrough=2 -Wpointer-arith -Wcast-qual -Wsign-compare -Wduplicated-branches -Wduplicated-cond -Walloc-zero -Wlogical-op -DHAVE_CXX_FLAG_WTAUTOLOGICAL_COMPARE -Wno-tautological-compare -fPIE   -Wtautological-compare -o CMakeFiles/cmTC_44b61.dir/src.cxx.o -c /home/user/Документы/git/ton2/liteclient-build/CMakeFiles/CMakeTmp/src.cxx
Linking CXX executable cmTC_44b61
/usr/bin/cmake -E cmake_link_script CMakeFiles/cmTC_44b61.dir/link.txt --verbose=1
/usr/bin/c++   -march=native -pthread -std=c++14 -fno-omit-frame-pointer -ffunction-sections -fdata-sections -Wall -Wextra -Wimplicit-fallthrough=2 -Wpointer-arith -Wcast-qual -Wsign-compare -Wduplicated-branches -Wduplicated-cond -Walloc-zero -Wlogical-op -DHAVE_CXX_FLAG_WTAUTOLOGICAL_COMPARE -Wno-tautological-compare    -rdynamic CMakeFiles/cmTC_44b61.dir/src.cxx.o  -o cmTC_44b61 
make[1]: Leaving directory '/home/user/Документы/git/ton2/liteclient-build/CMakeFiles/CMakeTmp'

Source file was:
int main() { return 0; }
Performing C++ SOURCE FILE Test HAVE_CXX_FLAG_WVLA succeeded with the following output:
Change Dir: /home/user/Документы/git/ton2/liteclient-build/CMakeFiles/CMakeTmp

Run Build Command:"/usr/bin/make" "cmTC_e6482/fast"
/usr/bin/make -f CMakeFiles/cmTC_e6482.dir/build.make CMakeFiles/cmTC_e6482.dir/build
make[1]: Entering directory '/home/user/Документы/git/ton2/liteclient-build/CMakeFiles/CMakeTmp'
Building CXX object CMakeFiles/cmTC_e6482.dir/src.cxx.o
/usr/bin/c++    -march=native -pthread -std=c++14 -fno-omit-frame-pointer -ffunction-sections -fdata-sections -Wall -Wextra -Wimplicit-fallthrough=2 -Wpointer-arith -Wcast-qual -Wsign-compare -Wduplicated-branches -Wduplicated-cond -Walloc-zero -Wlogical-op -Wno-tautological-compare -Wpointer-arith -DHAVE_CXX_FLAG_WVLA -Wvla -fPIE   -Wvla -o CMakeFiles/cmTC_e6482.dir/src.cxx.o -c /home/user/Документы/git/ton2/liteclient-build/CMakeFiles/CMakeTmp/src.cxx
Linking CXX executable cmTC_e6482
/usr/bin/cmake -E cmake_link_script CMakeFiles/cmTC_e6482.dir/link.txt --verbose=1
/usr/bin/c++   -march=native -pthread -std=c++14 -fno-omit-frame-pointer -ffunction-sections -fdata-sections -Wall -Wextra -Wimplicit-fallthrough=2 -Wpointer-arith -Wcast-qual -Wsign-compare -Wduplicated-branches -Wduplicated-cond -Walloc-zero -Wlogical-op -Wno-tautological-compare -Wpointer-arith -DHAVE_CXX_FLAG_WVLA -Wvla    -rdynamic CMakeFiles/cmTC_e6482.dir/src.cxx.o  -o cmTC_e6482 
make[1]: Leaving directory '/home/user/Документы/git/ton2/liteclient-build/CMakeFiles/CMakeTmp'

Source file was:
int main() { return 0; }
Performing C++ SOURCE FILE Test HAVE_CXX_FLAG_WNON_VIRTUAL_DTOR succeeded with the following output:
Change Dir: /home/user/Документы/git/ton2/liteclient-build/CMakeFiles/CMakeTmp

Run Build Command:"/usr/bin/make" "cmTC_13bf7/fast"
/usr/bin/make -f CMakeFiles/cmTC_13bf7.dir/build.make CMakeFiles/cmTC_13bf7.dir/build
make[1]: Entering directory '/home/user/Документы/git/ton2/liteclient-build/CMakeFiles/CMakeTmp'
Building CXX object CMakeFiles/cmTC_13bf7.dir/src.cxx.o
/usr/bin/c++    -march=native -pthread -std=c++14 -fno-omit-frame-pointer -ffunction-sections -fdata-sections -Wall -Wextra -Wimplicit-fallthrough=2 -Wpointer-arith -Wcast-qual -Wsign-compare -Wduplicated-branches -Wduplicated-cond -Walloc-zero -Wlogical-op -Wno-tautological-compare -Wpointer-arith -Wvla -DHAVE_CXX_FLAG_WNON_VIRTUAL_DTOR -Wnon-virtual-dtor -fPIE   -Wnon-virtual-dtor -o CMakeFiles/cmTC_13bf7.dir/src.cxx.o -c /home/user/Документы/git/ton2/liteclient-build/CMakeFiles/CMakeTmp/src.cxx
Linking CXX executable cmTC_13bf7
/usr/bin/cmake -E cmake_link_script CMakeFiles/cmTC_13bf7.dir/link.txt --verbose=1
/usr/bin/c++   -march=native -pthread -std=c++14 -fno-omit-frame-pointer -ffunction-sections -fdata-sections -Wall -Wextra -Wimplicit-fallthrough=2 -Wpointer-arith -Wcast-qual -Wsign-compare -Wduplicated-branches -Wduplicated-cond -Walloc-zero -Wlogical-op -Wno-tautological-compare -Wpointer-arith -Wvla -DHAVE_CXX_FLAG_WNON_VIRTUAL_DTOR -Wnon-virtual-dtor    -rdynamic CMakeFiles/cmTC_13bf7.dir/src.cxx.o  -o cmTC_13bf7 
make[1]: Leaving directory '/home/user/Документы/git/ton2/liteclient-build/CMakeFiles/CMakeTmp'

Source file was:
int main() { return 0; }
Performing C++ SOURCE FILE Test HAVE_CXX_FLAG_WUNUSED_PARAMETER succeeded with the following output:
Change Dir: /home/user/Документы/git/ton2/liteclient-build/CMakeFiles/CMakeTmp

Run Build Command:"/usr/bin/make" "cmTC_6b0df/fast"
/usr/bin/make -f CMakeFiles/cmTC_6b0df.dir/build.make CMakeFiles/cmTC_6b0df.dir/build
make[1]: Entering directory '/home/user/Документы/git/ton2/liteclient-build/CMakeFiles/CMakeTmp'
Building CXX object CMakeFiles/cmTC_6b0df.dir/src.cxx.o
/usr/bin/c++    -march=native -pthread -std=c++14 -fno-omit-frame-pointer -ffunction-sections -fdata-sections -Wall -Wextra -Wimplicit-fallthrough=2 -Wpointer-arith -Wcast-qual -Wsign-compare -Wduplicated-branches -Wduplicated-cond -Walloc-zero -Wlogical-op -Wno-tautological-compare -Wpointer-arith -Wvla -Wnon-virtual-dtor -DHAVE_CXX_FLAG_WUNUSED_PARAMETER -Wno-unused-parameter -fPIE   -Wunused-parameter -o CMakeFiles/cmTC_6b0df.dir/src.cxx.o -c /home/user/Документы/git/ton2/liteclient-build/CMakeFiles/CMakeTmp/src.cxx
Linking CXX executable cmTC_6b0df
/usr/bin/cmake -E cmake_link_script CMakeFiles/cmTC_6b0df.dir/link.txt --verbose=1
/usr/bin/c++   -march=native -pthread -std=c++14 -fno-omit-frame-pointer -ffunction-sections -fdata-sections -Wall -Wextra -Wimplicit-fallthrough=2 -Wpointer-arith -Wcast-qual -Wsign-compare -Wduplicated-branches -Wduplicated-cond -Walloc-zero -Wlogical-op -Wno-tautological-compare -Wpointer-arith -Wvla -Wnon-virtual-dtor -DHAVE_CXX_FLAG_WUNUSED_PARAMETER -Wno-unused-parameter    -rdynamic CMakeFiles/cmTC_6b0df.dir/src.cxx.o  -o cmTC_6b0df 
make[1]: Leaving directory '/home/user/Документы/git/ton2/liteclient-build/CMakeFiles/CMakeTmp'

Source file was:
int main() { return 0; }
Performing C++ SOURCE FILE Test HAVE_CXX_FLAG_WCONVERSION succeeded with the following output:
Change Dir: /home/user/Документы/git/ton2/liteclient-build/CMakeFiles/CMakeTmp

Run Build Command:"/usr/bin/make" "cmTC_5a28f/fast"
/usr/bin/make -f CMakeFiles/cmTC_5a28f.dir/build.make CMakeFiles/cmTC_5a28f.dir/build
make[1]: Entering directory '/home/user/Документы/git/ton2/liteclient-build/CMakeFiles/CMakeTmp'
Building CXX object CMakeFiles/cmTC_5a28f.dir/src.cxx.o
/usr/bin/c++    -march=native -pthread -std=c++14 -fno-omit-frame-pointer -ffunction-sections -fdata-sections -Wall -Wextra -Wimplicit-fallthrough=2 -Wpointer-arith -Wcast-qual -Wsign-compare -Wduplicated-branches -Wduplicated-cond -Walloc-zero -Wlogical-op -Wno-tautological-compare -Wpointer-arith -Wvla -Wnon-virtual-dtor -Wno-unused-parameter -DHAVE_CXX_FLAG_WCONVERSION -Wconversion -fPIE   -Wconversion -o CMakeFiles/cmTC_5a28f.dir/src.cxx.o -c /home/user/Документы/git/ton2/liteclient-build/CMakeFiles/CMakeTmp/src.cxx
Linking CXX executable cmTC_5a28f
/usr/bin/cmake -E cmake_link_script CMakeFiles/cmTC_5a28f.dir/link.txt --verbose=1
/usr/bin/c++   -march=native -pthread -std=c++14 -fno-omit-frame-pointer -ffunction-sections -fdata-sections -Wall -Wextra -Wimplicit-fallthrough=2 -Wpointer-arith -Wcast-qual -Wsign-compare -Wduplicated-branches -Wduplicated-cond -Walloc-zero -Wlogical-op -Wno-tautological-compare -Wpointer-arith -Wvla -Wnon-virtual-dtor -Wno-unused-parameter -DHAVE_CXX_FLAG_WCONVERSION -Wconversion    -rdynamic CMakeFiles/cmTC_5a28f.dir/src.cxx.o  -o cmTC_5a28f 
make[1]: Leaving directory '/home/user/Документы/git/ton2/liteclient-build/CMakeFiles/CMakeTmp'

Source file was:
int main() { return 0; }
Performing C++ SOURCE FILE Test HAVE_CXX_FLAG_WSIGN_CONVERSION succeeded with the following output:
Change Dir: /home/user/Документы/git/ton2/liteclient-build/CMakeFiles/CMakeTmp

Run Build Command:"/usr/bin/make" "cmTC_3d3af/fast"
/usr/bin/make -f CMakeFiles/cmTC_3d3af.dir/build.make CMakeFiles/cmTC_3d3af.dir/build
make[1]: Entering directory '/home/user/Документы/git/ton2/liteclient-build/CMakeFiles/CMakeTmp'
Building CXX object CMakeFiles/cmTC_3d3af.dir/src.cxx.o
/usr/bin/c++    -march=native -pthread -std=c++14 -fno-omit-frame-pointer -ffunction-sections -fdata-sections -Wall -Wextra -Wimplicit-fallthrough=2 -Wpointer-arith -Wcast-qual -Wsign-compare -Wduplicated-branches -Wduplicated-cond -Walloc-zero -Wlogical-op -Wno-tautological-compare -Wpointer-arith -Wvla -Wnon-virtual-dtor -Wno-unused-parameter -Wconversion -DHAVE_CXX_FLAG_WSIGN_CONVERSION -Wno-sign-conversion -fPIE   -Wsign-conversion -o CMakeFiles/cmTC_3d3af.dir/src.cxx.o -c /home/user/Документы/git/ton2/liteclient-build/CMakeFiles/CMakeTmp/src.cxx
Linking CXX executable cmTC_3d3af
/usr/bin/cmake -E cmake_link_script CMakeFiles/cmTC_3d3af.dir/link.txt --verbose=1
/usr/bin/c++   -march=native -pthread -std=c++14 -fno-omit-frame-pointer -ffunction-sections -fdata-sections -Wall -Wextra -Wimplicit-fallthrough=2 -Wpointer-arith -Wcast-qual -Wsign-compare -Wduplicated-branches -Wduplicated-cond -Walloc-zero -Wlogical-op -Wno-tautological-compare -Wpointer-arith -Wvla -Wnon-virtual-dtor -Wno-unused-parameter -Wconversion -DHAVE_CXX_FLAG_WSIGN_CONVERSION -Wno-sign-conversion    -rdynamic CMakeFiles/cmTC_3d3af.dir/src.cxx.o  -o cmTC_3d3af 
make[1]: Leaving directory '/home/user/Документы/git/ton2/liteclient-build/CMakeFiles/CMakeTmp'

Source file was:
int main() { return 0; }
